#! /usr/local/iverilog/bin/vvp
:ivl_version "11.0 (devel)";
:ivl_delay_selection "TYPICAL";
:vpi_time_precision + 0;
:vpi_module "C:\iverilog\lib\ivl\system.vpi";
:vpi_module "C:\iverilog\lib\ivl\vhdl_sys.vpi";
:vpi_module "C:\iverilog\lib\ivl\vhdl_textio.vpi";
:vpi_module "C:\iverilog\lib\ivl\v2005_math.vpi";
:vpi_module "C:\iverilog\lib\ivl\va_math.vpi";
S_00000000001e6a90 .scope module, "ALU" "ALU" 2 1;
 .timescale 0 0;
    .port_info 0 /INPUT 8 "input0";
    .port_info 1 /INPUT 8 "input1";
    .port_info 2 /INPUT 4 "select";
    .port_info 3 /OUTPUT 8 "outputf";
    .port_info 4 /OUTPUT 1 "compare";
    .port_info 5 /OUTPUT 1 "carryout";
P_00000000001e7100 .param/l "input_width" 0 2 1, +C4<00000000000000000000000000001000>;
P_00000000001e7138 .param/l "select_size" 0 2 1, +C4<00000000000000000000000000000100>;
v00000000001e6c20_0 .var "carryout", 0 0;
v00000000001e6cc0_0 .var "compare", 0 0;
v00000000001e6d60_0 .var "dummy", 7 0;
o000000000108b038 .functor BUFZ 8, C4<zzzzzzzz>; HiZ drive
v00000000001ebc10_0 .net "input0", 7 0, o000000000108b038;  0 drivers
o000000000108b068 .functor BUFZ 8, C4<zzzzzzzz>; HiZ drive
v00000000001ebcb0_0 .net "input1", 7 0, o000000000108b068;  0 drivers
v00000000001ebd50_0 .var "outputf", 7 0;
o000000000108b0c8 .functor BUFZ 4, C4<zzzz>; HiZ drive
v00000000001ebdf0_0 .net "select", 3 0, o000000000108b0c8;  0 drivers
E_00000000001eaaf0 .event edge, v00000000001ebcb0_0, v00000000001ebc10_0, v00000000001ebdf0_0;
    .scope S_00000000001e6a90;
T_0 ;
    %pushi/vec4 0, 0, 1;
    %store/vec4 v00000000001e6c20_0, 0, 1;
    %end;
    .thread T_0;
    .scope S_00000000001e6a90;
T_1 ;
    %wait E_00000000001eaaf0;
    %pushi/vec4 0, 0, 1;
    %store/vec4 v00000000001e6c20_0, 0, 1;
    %load/vec4 v00000000001ebdf0_0;
    %dup/vec4;
    %pushi/vec4 0, 0, 4;
    %cmp/u;
    %jmp/1 T_1.0, 6;
    %dup/vec4;
    %pushi/vec4 1, 0, 4;
    %cmp/u;
    %jmp/1 T_1.1, 6;
    %dup/vec4;
    %pushi/vec4 2, 0, 4;
    %cmp/u;
    %jmp/1 T_1.2, 6;
    %dup/vec4;
    %pushi/vec4 3, 0, 4;
    %cmp/u;
    %jmp/1 T_1.3, 6;
    %dup/vec4;
    %pushi/vec4 4, 0, 4;
    %cmp/u;
    %jmp/1 T_1.4, 6;
    %dup/vec4;
    %pushi/vec4 5, 0, 4;
    %cmp/u;
    %jmp/1 T_1.5, 6;
    %dup/vec4;
    %pushi/vec4 6, 0, 4;
    %cmp/u;
    %jmp/1 T_1.6, 6;
    %dup/vec4;
    %pushi/vec4 7, 0, 4;
    %cmp/u;
    %jmp/1 T_1.7, 6;
    %dup/vec4;
    %pushi/vec4 8, 0, 4;
    %cmp/u;
    %jmp/1 T_1.8, 6;
    %dup/vec4;
    %pushi/vec4 9, 0, 4;
    %cmp/u;
    %jmp/1 T_1.9, 6;
    %dup/vec4;
    %pushi/vec4 10, 0, 4;
    %cmp/u;
    %jmp/1 T_1.10, 6;
    %dup/vec4;
    %pushi/vec4 11, 0, 4;
    %cmp/u;
    %jmp/1 T_1.11, 6;
    %dup/vec4;
    %pushi/vec4 12, 0, 4;
    %cmp/u;
    %jmp/1 T_1.12, 6;
    %dup/vec4;
    %pushi/vec4 13, 0, 4;
    %cmp/u;
    %jmp/1 T_1.13, 6;
    %dup/vec4;
    %pushi/vec4 14, 0, 4;
    %cmp/u;
    %jmp/1 T_1.14, 6;
    %dup/vec4;
    %pushi/vec4 15, 0, 4;
    %cmp/u;
    %jmp/1 T_1.15, 6;
    %jmp T_1.16;
T_1.0 ;
    %load/vec4 v00000000001ebc10_0;
    %pad/u 9;
    %load/vec4 v00000000001ebcb0_0;
    %pad/u 9;
    %add;
    %split/vec4 8;
    %store/vec4 v00000000001ebd50_0, 0, 8;
    %store/vec4 v00000000001e6c20_0, 0, 1;
    %jmp T_1.16;
T_1.1 ;
    %load/vec4 v00000000001ebc10_0;
    %load/vec4 v00000000001ebcb0_0;
    %and;
    %store/vec4 v00000000001ebd50_0, 0, 8;
    %jmp T_1.16;
T_1.2 ;
    %load/vec4 v00000000001ebc10_0;
    %load/vec4 v00000000001ebcb0_0;
    %sub;
    %store/vec4 v00000000001ebd50_0, 0, 8;
    %jmp T_1.16;
T_1.3 ;
    %load/vec4 v00000000001ebc10_0;
    %load/vec4 v00000000001ebcb0_0;
    %or;
    %store/vec4 v00000000001ebd50_0, 0, 8;
    %jmp T_1.16;
T_1.4 ;
    %load/vec4 v00000000001ebc10_0;
    %load/vec4 v00000000001ebcb0_0;
    %xor;
    %store/vec4 v00000000001ebd50_0, 0, 8;
    %jmp T_1.16;
T_1.5 ;
    %load/vec4 v00000000001ebcb0_0;
    %store/vec4 v00000000001ebd50_0, 0, 8;
    %jmp T_1.16;
T_1.6 ;
    %load/vec4 v00000000001ebc10_0;
    %inv;
    %store/vec4 v00000000001ebd50_0, 0, 8;
    %jmp T_1.16;
T_1.7 ;
    %load/vec4 v00000000001ebc10_0;
    %ix/getv 4, v00000000001ebcb0_0;
    %shiftr 4;
    %store/vec4 v00000000001ebd50_0, 0, 8;
    %jmp T_1.16;
T_1.8 ;
    %load/vec4 v00000000001ebc10_0;
    %ix/getv 4, v00000000001ebcb0_0;
    %shiftr 4;
    %store/vec4 v00000000001ebd50_0, 0, 8;
    %jmp T_1.16;
T_1.9 ;
    %load/vec4 v00000000001ebc10_0;
    %ix/getv 4, v00000000001ebcb0_0;
    %shiftl 4;
    %store/vec4 v00000000001ebd50_0, 0, 8;
    %jmp T_1.16;
T_1.10 ;
    %load/vec4 v00000000001ebc10_0;
    %ix/getv 4, v00000000001ebcb0_0;
    %shiftl 4;
    %store/vec4 v00000000001ebd50_0, 0, 8;
    %jmp T_1.16;
T_1.11 ;
    %load/vec4 v00000000001ebc10_0;
    %load/vec4 v00000000001ebc10_0;
    %concat/vec4; draw_concat_vec4
    %ix/getv 4, v00000000001ebcb0_0;
    %shiftl 4;
    %split/vec4 8;
    %store/vec4 v00000000001e6d60_0, 0, 8;
    %store/vec4 v00000000001ebd50_0, 0, 8;
    %jmp T_1.16;
T_1.12 ;
    %load/vec4 v00000000001ebc10_0;
    %load/vec4 v00000000001ebc10_0;
    %concat/vec4; draw_concat_vec4
    %ix/getv 4, v00000000001ebcb0_0;
    %shiftr 4;
    %split/vec4 8;
    %store/vec4 v00000000001ebd50_0, 0, 8;
    %store/vec4 v00000000001e6d60_0, 0, 8;
    %jmp T_1.16;
T_1.13 ;
    %load/vec4 v00000000001ebc10_0;
    %store/vec4 v00000000001ebd50_0, 0, 8;
    %jmp T_1.16;
T_1.14 ;
    %load/vec4 v00000000001ebc10_0;
    %addi 1, 0, 8;
    %store/vec4 v00000000001ebd50_0, 0, 8;
    %jmp T_1.16;
T_1.15 ;
    %load/vec4 v00000000001ebc10_0;
    %subi 1, 0, 8;
    %store/vec4 v00000000001ebd50_0, 0, 8;
    %jmp T_1.16;
T_1.16 ;
    %pop/vec4 1;
    %load/vec4 v00000000001ebc10_0;
    %load/vec4 v00000000001ebcb0_0;
    %cmp/e;
    %flag_get/vec4 4;
    %store/vec4 v00000000001e6cc0_0, 0, 1;
    %jmp T_1;
    .thread T_1, $push;
# The file index is used to find the file name in the following table.
:file_names 3;
    "N/A";
    "<interactive>";
    "ALU.v";
