#! /usr/local/iverilog/bin/vvp
:ivl_version "11.0 (devel)";
:ivl_delay_selection "TYPICAL";
:vpi_time_precision + 0;
:vpi_module "C:\iverilog\lib\ivl\system.vpi";
:vpi_module "C:\iverilog\lib\ivl\vhdl_sys.vpi";
:vpi_module "C:\iverilog\lib\ivl\vhdl_textio.vpi";
:vpi_module "C:\iverilog\lib\ivl\v2005_math.vpi";
:vpi_module "C:\iverilog\lib\ivl\va_math.vpi";
S_00000000008c6a10 .scope module, "Controller" "Controller" 2 1;
 .timescale 0 0;
    .port_info 0 /INPUT 10 "opcode";
    .port_info 1 /OUTPUT 3 "jump_type";
    .port_info 2 /OUTPUT 1 "mem_write";
    .port_info 3 /OUTPUT 1 "alu_select";
    .port_info 4 /OUTPUT 1 "mem_read";
    .port_info 5 /OUTPUT 1 "mem_to_reg";
    .port_info 6 /OUTPUT 1 "reg_write";
    .port_info 7 /OUTPUT 1 "alu_second_input_is_immidiate";
v00000000008c6ba0_0 .var "alu_second_input_is_immidiate", 0 0;
v00000000008c6c40_0 .var "alu_select", 0 0;
v00000000008c6ce0_0 .var "jump_type", 2 0;
v00000000008cbdd0_0 .var "mem_read", 0 0;
v00000000008cbe70_0 .var "mem_to_reg", 0 0;
v00000000008cbf10_0 .var "mem_write", 0 0;
o000000000110c0c8 .functor BUFZ 10, C4<zzzzzzzzzz>; HiZ drive
v0000000001102510_0 .net "opcode", 9 0, o000000000110c0c8;  0 drivers
v00000000011025b0_0 .var "output_bus", 9 0;
v0000000001102650_0 .var "reg_write", 0 0;
E_00000000008c9640 .event edge, v0000000001102510_0;
    .scope S_00000000008c6a10;
T_0 ;
    %wait E_00000000008c9640;
    %load/vec4 v0000000001102510_0;
    %parti/s 1, 9, 5;
    %nor/r;
    %flag_set/vec4 8;
    %jmp/0xz  T_0.0, 8;
    %load/vec4 v0000000001102510_0;
    %dup/vec4;
    %pushi/vec4 0, 0, 10;
    %cmp/u;
    %jmp/1 T_0.2, 6;
    %dup/vec4;
    %pushi/vec4 1, 0, 10;
    %cmp/u;
    %jmp/1 T_0.3, 6;
    %dup/vec4;
    %pushi/vec4 2, 0, 10;
    %cmp/u;
    %jmp/1 T_0.4, 6;
    %dup/vec4;
    %pushi/vec4 3, 0, 10;
    %cmp/u;
    %jmp/1 T_0.5, 6;
    %dup/vec4;
    %pushi/vec4 4, 0, 10;
    %cmp/u;
    %jmp/1 T_0.6, 6;
    %dup/vec4;
    %pushi/vec4 5, 0, 10;
    %cmp/u;
    %jmp/1 T_0.7, 6;
    %dup/vec4;
    %pushi/vec4 6, 0, 10;
    %cmp/u;
    %jmp/1 T_0.8, 6;
    %dup/vec4;
    %pushi/vec4 8, 0, 10;
    %cmp/u;
    %jmp/1 T_0.9, 6;
    %dup/vec4;
    %pushi/vec4 9, 0, 10;
    %cmp/u;
    %jmp/1 T_0.10, 6;
    %dup/vec4;
    %pushi/vec4 10, 0, 10;
    %cmp/u;
    %jmp/1 T_0.11, 6;
    %dup/vec4;
    %pushi/vec4 11, 0, 10;
    %cmp/u;
    %jmp/1 T_0.12, 6;
    %dup/vec4;
    %pushi/vec4 12, 0, 10;
    %cmp/u;
    %jmp/1 T_0.13, 6;
    %dup/vec4;
    %pushi/vec4 13, 0, 10;
    %cmp/u;
    %jmp/1 T_0.14, 6;
    %dup/vec4;
    %pushi/vec4 14, 0, 10;
    %cmp/u;
    %jmp/1 T_0.15, 6;
    %dup/vec4;
    %pushi/vec4 15, 0, 10;
    %cmp/u;
    %jmp/1 T_0.16, 6;
    %dup/vec4;
    %pushi/vec4 16, 0, 10;
    %cmp/u;
    %jmp/1 T_0.17, 6;
    %jmp T_0.18;
T_0.2 ;
    %pushi/vec4 0, 0, 10;
    %store/vec4 v00000000011025b0_0, 0, 10;
    %jmp T_0.18;
T_0.3 ;
    %pushi/vec4 2, 0, 10;
    %store/vec4 v00000000011025b0_0, 0, 10;
    %jmp T_0.18;
T_0.4 ;
    %pushi/vec4 18, 0, 10;
    %store/vec4 v00000000011025b0_0, 0, 10;
    %jmp T_0.18;
T_0.5 ;
    %pushi/vec4 34, 0, 10;
    %store/vec4 v00000000011025b0_0, 0, 10;
    %jmp T_0.18;
T_0.6 ;
    %pushi/vec4 50, 0, 10;
    %store/vec4 v00000000011025b0_0, 0, 10;
    %jmp T_0.18;
T_0.7 ;
    %pushi/vec4 66, 0, 10;
    %store/vec4 v00000000011025b0_0, 0, 10;
    %jmp T_0.18;
T_0.8 ;
    %pushi/vec4 82, 0, 10;
    %store/vec4 v00000000011025b0_0, 0, 10;
    %jmp T_0.18;
T_0.9 ;
    %pushi/vec4 98, 0, 10;
    %store/vec4 v00000000011025b0_0, 0, 10;
    %jmp T_0.18;
T_0.10 ;
    %pushi/vec4 115, 0, 10;
    %store/vec4 v00000000011025b0_0, 0, 10;
    %jmp T_0.18;
T_0.11 ;
    %pushi/vec4 131, 0, 10;
    %store/vec4 v00000000011025b0_0, 0, 10;
    %jmp T_0.18;
T_0.12 ;
    %pushi/vec4 147, 0, 10;
    %store/vec4 v00000000011025b0_0, 0, 10;
    %jmp T_0.18;
T_0.13 ;
    %pushi/vec4 163, 0, 10;
    %store/vec4 v00000000011025b0_0, 0, 10;
    %jmp T_0.18;
T_0.14 ;
    %pushi/vec4 179, 0, 10;
    %store/vec4 v00000000011025b0_0, 0, 10;
    %jmp T_0.18;
T_0.15 ;
    %pushi/vec4 195, 0, 10;
    %store/vec4 v00000000011025b0_0, 0, 10;
    %jmp T_0.18;
T_0.16 ;
    %pushi/vec4 226, 0, 10;
    %store/vec4 v00000000011025b0_0, 0, 10;
    %jmp T_0.18;
T_0.17 ;
    %pushi/vec4 242, 0, 10;
    %store/vec4 v00000000011025b0_0, 0, 10;
    %jmp T_0.18;
T_0.18 ;
    %pop/vec4 1;
    %jmp T_0.1;
T_0.0 ;
    %load/vec4 v0000000001102510_0;
    %parti/s 5, 5, 4;
    %pad/u 6;
    %dup/vec4;
    %pushi/vec4 32, 0, 6;
    %cmp/u;
    %jmp/1 T_0.19, 6;
    %dup/vec4;
    %pushi/vec4 33, 0, 6;
    %cmp/u;
    %jmp/1 T_0.20, 6;
    %dup/vec4;
    %pushi/vec4 34, 0, 6;
    %cmp/u;
    %jmp/1 T_0.21, 6;
    %dup/vec4;
    %pushi/vec4 35, 0, 6;
    %cmp/u;
    %jmp/1 T_0.22, 6;
    %dup/vec4;
    %pushi/vec4 36, 0, 6;
    %cmp/u;
    %jmp/1 T_0.23, 6;
    %dup/vec4;
    %pushi/vec4 37, 0, 6;
    %cmp/u;
    %jmp/1 T_0.24, 6;
    %dup/vec4;
    %pushi/vec4 38, 0, 6;
    %cmp/u;
    %jmp/1 T_0.25, 6;
    %dup/vec4;
    %pushi/vec4 39, 0, 6;
    %cmp/u;
    %jmp/1 T_0.26, 6;
    %jmp T_0.27;
T_0.19 ;
    %pushi/vec4 512, 0, 10;
    %store/vec4 v00000000011025b0_0, 0, 10;
    %jmp T_0.27;
T_0.20 ;
    %pushi/vec4 0, 0, 10;
    %store/vec4 v00000000011025b0_0, 0, 10;
    %jmp T_0.27;
T_0.21 ;
    %pushi/vec4 512, 0, 10;
    %store/vec4 v00000000011025b0_0, 0, 10;
    %jmp T_0.27;
T_0.22 ;
    %pushi/vec4 0, 0, 10;
    %store/vec4 v00000000011025b0_0, 0, 10;
    %jmp T_0.27;
T_0.23 ;
    %pushi/vec4 512, 0, 10;
    %store/vec4 v00000000011025b0_0, 0, 10;
    %jmp T_0.27;
T_0.24 ;
    %pushi/vec4 512, 0, 10;
    %store/vec4 v00000000011025b0_0, 0, 10;
    %jmp T_0.27;
T_0.25 ;
    %pushi/vec4 210, 0, 10;
    %store/vec4 v00000000011025b0_0, 0, 10;
    %jmp T_0.27;
T_0.26 ;
    %pushi/vec4 95, 0, 10;
    %store/vec4 v00000000011025b0_0, 0, 10;
    %jmp T_0.27;
T_0.27 ;
    %pop/vec4 1;
T_0.1 ;
    %load/vec4 v00000000011025b0_0;
    %pad/u 9;
    %split/vec4 1;
    %store/vec4 v00000000008c6ba0_0, 0, 1;
    %split/vec4 1;
    %store/vec4 v0000000001102650_0, 0, 1;
    %split/vec4 1;
    %store/vec4 v00000000008cbe70_0, 0, 1;
    %split/vec4 1;
    %store/vec4 v00000000008cbdd0_0, 0, 1;
    %split/vec4 1;
    %store/vec4 v00000000008c6c40_0, 0, 1;
    %split/vec4 1;
    %store/vec4 v00000000008cbf10_0, 0, 1;
    %store/vec4 v00000000008c6ce0_0, 0, 3;
    %jmp T_0;
    .thread T_0, $push;
# The file index is used to find the file name in the following table.
:file_names 3;
    "N/A";
    "<interactive>";
    "Controller.v";
