#! /usr/local/iverilog/bin/vvp
:ivl_version "11.0 (devel)";
:ivl_delay_selection "TYPICAL";
:vpi_time_precision + 0;
:vpi_module "C:\iverilog\lib\ivl\system.vpi";
:vpi_module "C:\iverilog\lib\ivl\vhdl_sys.vpi";
:vpi_module "C:\iverilog\lib\ivl\vhdl_textio.vpi";
:vpi_module "C:\iverilog\lib\ivl\v2005_math.vpi";
:vpi_module "C:\iverilog\lib\ivl\va_math.vpi";
S_00000000001e6980 .scope module, "DataMemory" "DataMemory" 2 1;
 .timescale 0 0;
    .port_info 0 /INPUT 1 "clk";
    .port_info 1 /INPUT 8 "address";
    .port_info 2 /OUTPUT 8 "outputf";
P_00000000001e7100 .param/l "log_mem_size" 0 2 1, +C4<00000000000000000000000000001000>;
P_00000000001e7138 .param/l "mem_size" 0 2 1, +C4<00000000000000000000000100000000>;
L_0000000000894630 .functor BUFZ 8, L_00000000008944f0, C4<00000000>, C4<00000000>, C4<00000000>;
v00000000001e6f60_0 .net *"_ivl_0", 7 0, L_00000000008944f0;  1 drivers
v00000000001ebe70_0 .net *"_ivl_2", 9 0, L_0000000000894590;  1 drivers
L_00000000008d7bf8 .functor BUFT 1, C4<00>, C4<0>, C4<0>, C4<0>;
v00000000001ebf10_0 .net *"_ivl_5", 1 0, L_00000000008d7bf8;  1 drivers
o0000000000897028 .functor BUFZ 8, C4<zzzzzzzz>; HiZ drive
v00000000001e6b10_0 .net "address", 7 0, o0000000000897028;  0 drivers
o0000000000897058 .functor BUFZ 1, C4<z>; HiZ drive
v00000000001e6bb0_0 .net "clk", 0 0, o0000000000897058;  0 drivers
v00000000001e6c50 .array "data", 255 0, 7 0;
v00000000001e6cf0_0 .var/i "i", 31 0;
v00000000001e6d90_0 .net "outputf", 7 0, L_0000000000894630;  1 drivers
L_00000000008944f0 .array/port v00000000001e6c50, L_0000000000894590;
L_0000000000894590 .concat [ 8 2 0 0], o0000000000897028, L_00000000008d7bf8;
    .scope S_00000000001e6980;
T_0 ;
    %pushi/vec4 0, 0, 32;
    %store/vec4 v00000000001e6cf0_0, 0, 32;
T_0.0 ;
    %load/vec4 v00000000001e6cf0_0;
    %cmpi/s 256, 0, 32;
    %jmp/0xz T_0.1, 5;
    %pushi/vec4 0, 0, 8;
    %ix/getv/s 4, v00000000001e6cf0_0;
    %store/vec4a v00000000001e6c50, 4, 0;
    %load/vec4 v00000000001e6cf0_0;
    %addi 1, 0, 32;
    %store/vec4 v00000000001e6cf0_0, 0, 32;
    %jmp T_0.0;
T_0.1 ;
    %pushi/vec4 66, 0, 8;
    %ix/load 4, 6, 0;
    %flag_set/imm 4, 0;
    %store/vec4a v00000000001e6c50, 4, 0;
    %pushi/vec4 1, 0, 8;
    %ix/load 4, 8, 0;
    %flag_set/imm 4, 0;
    %store/vec4a v00000000001e6c50, 4, 0;
    %end;
    .thread T_0;
# The file index is used to find the file name in the following table.
:file_names 3;
    "N/A";
    "<interactive>";
    "DataMemory.v";
