#! /usr/local/iverilog/bin/vvp
:ivl_version "11.0 (devel)";
:ivl_delay_selection "TYPICAL";
:vpi_time_precision + 0;
:vpi_module "C:\iverilog\lib\ivl\system.vpi";
:vpi_module "C:\iverilog\lib\ivl\vhdl_sys.vpi";
:vpi_module "C:\iverilog\lib\ivl\vhdl_textio.vpi";
:vpi_module "C:\iverilog\lib\ivl\v2005_math.vpi";
:vpi_module "C:\iverilog\lib\ivl\va_math.vpi";
S_0000000000916a10 .scope module, "Flag_Unit" "Flag_Unit" 2 1;
 .timescale 0 0;
    .port_info 0 /INPUT 4 "alu_operation";
    .port_info 1 /INPUT 8 "alu_output";
    .port_info 2 /INPUT 8 "Rd_MUX_out";
    .port_info 3 /INPUT 8 "Rs_MUX_out";
    .port_info 4 /INPUT 1 "carryout";
    .port_info 5 /OUTPUT 4 "flag_set_output";
o000000000111cfd8 .functor BUFZ 8, C4<zzzzzzzz>; HiZ drive
v0000000000916c10_0 .net "Rd_MUX_out", 7 0, o000000000111cfd8;  0 drivers
o000000000111d008 .functor BUFZ 8, C4<zzzzzzzz>; HiZ drive
v0000000000916cb0_0 .net "Rs_MUX_out", 7 0, o000000000111d008;  0 drivers
o000000000111d038 .functor BUFZ 4, C4<zzzz>; HiZ drive
v000000000091bd40_0 .net "alu_operation", 3 0, o000000000111d038;  0 drivers
o000000000111d068 .functor BUFZ 8, C4<zzzzzzzz>; HiZ drive
v000000000091bde0_0 .net "alu_output", 7 0, o000000000111d068;  0 drivers
v000000000091be80_0 .var "carry_flag", 0 0;
o000000000111d0c8 .functor BUFZ 1, C4<z>; HiZ drive
v000000000091bf20_0 .net "carryout", 0 0, o000000000111d0c8;  0 drivers
v0000000001114570_0 .var "flag_set_output", 3 0;
v0000000001114610_0 .var "overflow_flag", 0 0;
v00000000011146b0_0 .var "sign_flag", 0 0;
v0000000001114750_0 .var "zero_flag", 0 0;
E_0000000001108490/0 .event edge, v000000000091bf20_0, v0000000000916cb0_0, v0000000000916c10_0, v000000000091bde0_0;
E_0000000001108490/1 .event edge, v000000000091bd40_0;
E_0000000001108490 .event/or E_0000000001108490/0, E_0000000001108490/1;
    .scope S_0000000000916a10;
T_0 ;
    %wait E_0000000001108490;
    %load/vec4 v000000000091bde0_0;
    %pad/u 32;
    %pushi/vec4 0, 0, 32;
    %cmp/e;
    %flag_get/vec4 4;
    %store/vec4 v0000000001114750_0, 0, 1;
    %load/vec4 v000000000091bde0_0;
    %parti/s 1, 7, 4;
    %store/vec4 v00000000011146b0_0, 0, 1;
    %load/vec4 v000000000091bf20_0;
    %store/vec4 v000000000091be80_0, 0, 1;
    %load/vec4 v000000000091bd40_0;
    %pad/u 32;
    %pushi/vec4 1, 0, 32;
    %cmp/e;
    %flag_get/vec4 4;
    %load/vec4 v000000000091bd40_0;
    %pad/u 32;
    %pushi/vec4 2, 0, 32;
    %cmp/e;
    %flag_get/vec4 4;
    %or;
    %load/vec4 v0000000000916c10_0;
    %parti/s 1, 7, 4;
    %load/vec4 v0000000000916cb0_0;
    %parti/s 1, 7, 4;
    %cmp/e;
    %flag_get/vec4 4;
    %and;
    %load/vec4 v0000000000916c10_0;
    %parti/s 1, 7, 4;
    %load/vec4 v000000000091bde0_0;
    %parti/s 1, 7, 4;
    %cmp/ne;
    %flag_get/vec4 4;
    %and;
    %store/vec4 v0000000001114610_0, 0, 1;
    %load/vec4 v000000000091bd40_0;
    %dup/vec4;
    %pushi/vec4 1, 0, 4;
    %cmp/u;
    %jmp/1 T_0.0, 6;
    %dup/vec4;
    %pushi/vec4 3, 0, 4;
    %cmp/u;
    %jmp/1 T_0.1, 6;
    %dup/vec4;
    %pushi/vec4 4, 0, 4;
    %cmp/u;
    %jmp/1 T_0.2, 6;
    %dup/vec4;
    %pushi/vec4 7, 0, 4;
    %cmp/u;
    %jmp/1 T_0.3, 6;
    %dup/vec4;
    %pushi/vec4 8, 0, 4;
    %cmp/u;
    %jmp/1 T_0.4, 6;
    %dup/vec4;
    %pushi/vec4 9, 0, 4;
    %cmp/u;
    %jmp/1 T_0.5, 6;
    %dup/vec4;
    %pushi/vec4 10, 0, 4;
    %cmp/u;
    %jmp/1 T_0.6, 6;
    %dup/vec4;
    %pushi/vec4 11, 0, 4;
    %cmp/u;
    %jmp/1 T_0.7, 6;
    %dup/vec4;
    %pushi/vec4 12, 0, 4;
    %cmp/u;
    %jmp/1 T_0.8, 6;
    %jmp T_0.9;
T_0.0 ;
    %pushi/vec4 0, 0, 1;
    %store/vec4 v000000000091be80_0, 0, 1;
    %pushi/vec4 0, 0, 1;
    %store/vec4 v0000000001114610_0, 0, 1;
    %jmp T_0.9;
T_0.1 ;
    %pushi/vec4 0, 0, 1;
    %store/vec4 v000000000091be80_0, 0, 1;
    %pushi/vec4 0, 0, 1;
    %store/vec4 v0000000001114610_0, 0, 1;
    %jmp T_0.9;
T_0.2 ;
    %pushi/vec4 0, 0, 1;
    %store/vec4 v000000000091be80_0, 0, 1;
    %pushi/vec4 0, 0, 1;
    %store/vec4 v0000000001114610_0, 0, 1;
    %jmp T_0.9;
T_0.3 ;
    %load/vec4 v0000000000916c10_0;
    %parti/s 1, 7, 4;
    %load/vec4 v000000000091bde0_0;
    %parti/s 1, 7, 4;
    %cmp/ne;
    %flag_get/vec4 4;
    %store/vec4 v0000000001114610_0, 0, 1;
    %load/vec4 v0000000000916c10_0;
    %pushi/vec4 7, 0, 32;
    %load/vec4 v0000000000916cb0_0;
    %pad/u 32;
    %sub;
    %part/u 1;
    %store/vec4 v000000000091be80_0, 0, 1;
    %jmp T_0.9;
T_0.4 ;
    %load/vec4 v0000000000916c10_0;
    %parti/s 1, 7, 4;
    %load/vec4 v000000000091bde0_0;
    %parti/s 1, 7, 4;
    %cmp/ne;
    %flag_get/vec4 4;
    %store/vec4 v0000000001114610_0, 0, 1;
    %load/vec4 v0000000000916c10_0;
    %pushi/vec4 7, 0, 32;
    %load/vec4 v0000000000916cb0_0;
    %pad/u 32;
    %sub;
    %part/u 1;
    %store/vec4 v000000000091be80_0, 0, 1;
    %jmp T_0.9;
T_0.5 ;
    %load/vec4 v0000000000916c10_0;
    %parti/s 1, 7, 4;
    %load/vec4 v000000000091bde0_0;
    %parti/s 1, 7, 4;
    %cmp/ne;
    %flag_get/vec4 4;
    %store/vec4 v0000000001114610_0, 0, 1;
    %load/vec4 v0000000000916c10_0;
    %load/vec4 v0000000000916cb0_0;
    %part/u 1;
    %store/vec4 v000000000091be80_0, 0, 1;
    %jmp T_0.9;
T_0.6 ;
    %load/vec4 v0000000000916c10_0;
    %parti/s 1, 7, 4;
    %load/vec4 v000000000091bde0_0;
    %parti/s 1, 7, 4;
    %cmp/ne;
    %flag_get/vec4 4;
    %store/vec4 v0000000001114610_0, 0, 1;
    %load/vec4 v0000000000916c10_0;
    %load/vec4 v0000000000916cb0_0;
    %part/u 1;
    %store/vec4 v000000000091be80_0, 0, 1;
    %jmp T_0.9;
T_0.7 ;
    %load/vec4 v0000000000916c10_0;
    %parti/s 1, 7, 4;
    %load/vec4 v000000000091bde0_0;
    %parti/s 1, 7, 4;
    %cmp/ne;
    %flag_get/vec4 4;
    %store/vec4 v0000000001114610_0, 0, 1;
    %load/vec4 v0000000000916c10_0;
    %load/vec4 v0000000000916cb0_0;
    %part/u 1;
    %store/vec4 v000000000091be80_0, 0, 1;
    %jmp T_0.9;
T_0.8 ;
    %load/vec4 v0000000000916c10_0;
    %parti/s 1, 7, 4;
    %load/vec4 v000000000091bde0_0;
    %parti/s 1, 7, 4;
    %cmp/ne;
    %flag_get/vec4 4;
    %store/vec4 v0000000001114610_0, 0, 1;
    %load/vec4 v0000000000916c10_0;
    %pushi/vec4 7, 0, 32;
    %load/vec4 v0000000000916cb0_0;
    %pad/u 32;
    %sub;
    %part/u 1;
    %store/vec4 v000000000091be80_0, 0, 1;
    %jmp T_0.9;
T_0.9 ;
    %pop/vec4 1;
    %load/vec4 v0000000001114750_0;
    %load/vec4 v00000000011146b0_0;
    %concat/vec4; draw_concat_vec4
    %load/vec4 v000000000091be80_0;
    %concat/vec4; draw_concat_vec4
    %load/vec4 v0000000001114610_0;
    %concat/vec4; draw_concat_vec4
    %store/vec4 v0000000001114570_0, 0, 4;
    %jmp T_0;
    .thread T_0, $push;
# The file index is used to find the file name in the following table.
:file_names 3;
    "N/A";
    "<interactive>";
    "Flag_Unit.v";
