#! /usr/local/iverilog/bin/vvp
:ivl_version "11.0 (devel)";
:ivl_delay_selection "TYPICAL";
:vpi_time_precision + 0;
:vpi_module "C:\iverilog\lib\ivl\system.vpi";
:vpi_module "C:\iverilog\lib\ivl\vhdl_sys.vpi";
:vpi_module "C:\iverilog\lib\ivl\vhdl_textio.vpi";
:vpi_module "C:\iverilog\lib\ivl\v2005_math.vpi";
:vpi_module "C:\iverilog\lib\ivl\va_math.vpi";
S_0000000000186980 .scope module, "forwarding_unit" "forwarding_unit" 2 1;
 .timescale 0 0;
    .port_info 0 /INPUT 3 "Rd_mem";
    .port_info 1 /INPUT 3 "Rd_wb";
    .port_info 2 /INPUT 1 "reg_write_mem";
    .port_info 3 /INPUT 1 "reg_write_wb";
    .port_info 4 /INPUT 3 "Rs_exe";
    .port_info 5 /INPUT 3 "Rd_exe";
    .port_info 6 /OUTPUT 2 "do_forward_Rs";
    .port_info 7 /OUTPUT 2 "do_forward_Rd";
o0000000000896fa8 .functor BUFZ 3, C4<zzz>; HiZ drive
v0000000000186b10_0 .net "Rd_exe", 2 0, o0000000000896fa8;  0 drivers
o0000000000896fd8 .functor BUFZ 3, C4<zzz>; HiZ drive
v0000000000186bb0_0 .net "Rd_mem", 2 0, o0000000000896fd8;  0 drivers
o0000000000897008 .functor BUFZ 3, C4<zzz>; HiZ drive
v0000000000186c50_0 .net "Rd_wb", 2 0, o0000000000897008;  0 drivers
o0000000000897038 .functor BUFZ 3, C4<zzz>; HiZ drive
v0000000000186cf0_0 .net "Rs_exe", 2 0, o0000000000897038;  0 drivers
v0000000000186d90_0 .var "do_forward_Rd", 1 0;
v00000000008940f0_0 .var "do_forward_Rs", 1 0;
o00000000008970c8 .functor BUFZ 1, C4<z>; HiZ drive
v0000000000894190_0 .net "reg_write_mem", 0 0, o00000000008970c8;  0 drivers
o00000000008970f8 .functor BUFZ 1, C4<z>; HiZ drive
v0000000000894230_0 .net "reg_write_wb", 0 0, o00000000008970f8;  0 drivers
E_000000000018a140/0 .event edge, v0000000000186b10_0, v0000000000186cf0_0, v0000000000894230_0, v0000000000894190_0;
E_000000000018a140/1 .event edge, v0000000000186c50_0, v0000000000186bb0_0;
E_000000000018a140 .event/or E_000000000018a140/0, E_000000000018a140/1;
    .scope S_0000000000186980;
T_0 ;
    %wait E_000000000018a140;
    %load/vec4 v0000000000894190_0;
    %load/vec4 v0000000000186bb0_0;
    %load/vec4 v0000000000186cf0_0;
    %cmp/e;
    %flag_get/vec4 4;
    %and;
    %flag_set/vec4 8;
    %jmp/0xz  T_0.0, 8;
    %pushi/vec4 1, 0, 2;
    %store/vec4 v00000000008940f0_0, 0, 2;
    %jmp T_0.1;
T_0.0 ;
    %pushi/vec4 0, 0, 2;
    %store/vec4 v00000000008940f0_0, 0, 2;
T_0.1 ;
    %load/vec4 v0000000000894190_0;
    %load/vec4 v0000000000186bb0_0;
    %load/vec4 v0000000000186b10_0;
    %cmp/e;
    %flag_get/vec4 4;
    %and;
    %flag_set/vec4 8;
    %jmp/0xz  T_0.2, 8;
    %pushi/vec4 1, 0, 2;
    %store/vec4 v0000000000186d90_0, 0, 2;
    %jmp T_0.3;
T_0.2 ;
    %pushi/vec4 0, 0, 2;
    %store/vec4 v0000000000186d90_0, 0, 2;
T_0.3 ;
    %load/vec4 v0000000000894230_0;
    %load/vec4 v0000000000186c50_0;
    %load/vec4 v0000000000186cf0_0;
    %cmp/e;
    %flag_get/vec4 4;
    %and;
    %load/vec4 v0000000000186bb0_0;
    %load/vec4 v0000000000186cf0_0;
    %cmp/ne;
    %flag_get/vec4 4;
    %and;
    %flag_set/vec4 8;
    %jmp/0xz  T_0.4, 8;
    %pushi/vec4 2, 0, 2;
    %store/vec4 v00000000008940f0_0, 0, 2;
T_0.4 ;
    %load/vec4 v0000000000894230_0;
    %load/vec4 v0000000000186c50_0;
    %load/vec4 v0000000000186b10_0;
    %cmp/e;
    %flag_get/vec4 4;
    %and;
    %load/vec4 v0000000000186bb0_0;
    %load/vec4 v0000000000186b10_0;
    %cmp/ne;
    %flag_get/vec4 4;
    %and;
    %flag_set/vec4 8;
    %jmp/0xz  T_0.6, 8;
    %pushi/vec4 2, 0, 2;
    %store/vec4 v0000000000186d90_0, 0, 2;
T_0.6 ;
    %jmp T_0;
    .thread T_0, $push;
# The file index is used to find the file name in the following table.
:file_names 3;
    "N/A";
    "<interactive>";
    "forwarding_unit.v";
