#! /usr/local/iverilog/bin/vvp
:ivl_version "11.0 (devel)";
:ivl_delay_selection "TYPICAL";
:vpi_time_precision + 0;
:vpi_module "C:\iverilog\lib\ivl\system.vpi";
:vpi_module "C:\iverilog\lib\ivl\vhdl_sys.vpi";
:vpi_module "C:\iverilog\lib\ivl\vhdl_textio.vpi";
:vpi_module "C:\iverilog\lib\ivl\v2005_math.vpi";
:vpi_module "C:\iverilog\lib\ivl\va_math.vpi";
S_000000000090bc00 .scope module, "InstructionMemory" "InstructionMemory" 2 1;
 .timescale 0 0;
    .port_info 0 /INPUT 1 "clk";
    .port_info 1 /INPUT 8 "address";
    .port_info 2 /OUTPUT 16 "instruction_output";
L_000000000090bf70 .functor BUFZ 16, L_0000000001169ac0, C4<0000000000000000>, C4<0000000000000000>, C4<0000000000000000>;
v000000000090bd90_0 .net *"_ivl_0", 15 0, L_0000000001169ac0;  1 drivers
v0000000000906d80_0 .net *"_ivl_2", 9 0, L_0000000001169b60;  1 drivers
L_0000000001169c08 .functor BUFT 1, C4<00>, C4<0>, C4<0>, C4<0>;
v000000000090be30_0 .net *"_ivl_5", 1 0, L_0000000001169c08;  1 drivers
o0000000001127068 .functor BUFZ 8, C4<zzzzzzzz>; HiZ drive
v000000000090bed0_0 .net "address", 7 0, o0000000001127068;  0 drivers
o0000000001127098 .functor BUFZ 1, C4<z>; HiZ drive
v0000000001169840_0 .net "clk", 0 0, o0000000001127098;  0 drivers
v00000000011698e0 .array "data", 255 0, 15 0;
v0000000001169980_0 .var/i "i", 31 0;
v0000000001169a20_0 .net "instruction_output", 15 0, L_000000000090bf70;  1 drivers
L_0000000001169ac0 .array/port v00000000011698e0, L_0000000001169b60;
L_0000000001169b60 .concat [ 8 2 0 0], o0000000001127068, L_0000000001169c08;
    .scope S_000000000090bc00;
T_0 ;
    %pushi/vec4 0, 0, 32;
    %store/vec4 v0000000001169980_0, 0, 32;
T_0.0 ;
    %load/vec4 v0000000001169980_0;
    %cmpi/s 256, 0, 32;
    %jmp/0xz T_0.1, 5;
    %pushi/vec4 0, 0, 16;
    %ix/getv/s 4, v0000000001169980_0;
    %store/vec4a v00000000011698e0, 4, 0;
    %load/vec4 v0000000001169980_0;
    %addi 1, 0, 32;
    %store/vec4 v0000000001169980_0, 0, 32;
    %jmp T_0.0;
T_0.1 ;
    %pushi/vec4 45318, 0, 16;
    %ix/load 4, 0, 0;
    %flag_set/imm 4, 0;
    %store/vec4a v00000000011698e0, 4, 0;
    %pushi/vec4 0, 0, 16;
    %ix/load 4, 1, 0;
    %flag_set/imm 4, 0;
    %store/vec4a v00000000011698e0, 4, 0;
    %pushi/vec4 0, 0, 16;
    %ix/load 4, 2, 0;
    %flag_set/imm 4, 0;
    %store/vec4a v00000000011698e0, 4, 0;
    %pushi/vec4 0, 0, 16;
    %ix/load 4, 3, 0;
    %flag_set/imm 4, 0;
    %store/vec4a v00000000011698e0, 4, 0;
    %pushi/vec4 0, 0, 16;
    %ix/load 4, 4, 0;
    %flag_set/imm 4, 0;
    %store/vec4a v00000000011698e0, 4, 0;
    %pushi/vec4 0, 0, 16;
    %ix/load 4, 5, 0;
    %flag_set/imm 4, 0;
    %store/vec4a v00000000011698e0, 4, 0;
    %pushi/vec4 968, 0, 16;
    %ix/load 4, 6, 0;
    %flag_set/imm 4, 0;
    %store/vec4a v00000000011698e0, 4, 0;
    %pushi/vec4 0, 0, 16;
    %ix/load 4, 5, 0;
    %flag_set/imm 4, 0;
    %store/vec4a v00000000011698e0, 4, 0;
    %pushi/vec4 0, 0, 16;
    %ix/load 4, 5, 0;
    %flag_set/imm 4, 0;
    %store/vec4a v00000000011698e0, 4, 0;
    %end;
    .thread T_0;
# The file index is used to find the file name in the following table.
:file_names 3;
    "N/A";
    "<interactive>";
    "InstructionMemory.v";
