#! /usr/local/iverilog/bin/vvp
:ivl_version "11.0 (devel)";
:ivl_delay_selection "TYPICAL";
:vpi_time_precision + 0;
:vpi_module "C:\iverilog\lib\ivl\system.vpi";
:vpi_module "C:\iverilog\lib\ivl\vhdl_sys.vpi";
:vpi_module "C:\iverilog\lib\ivl\vhdl_textio.vpi";
:vpi_module "C:\iverilog\lib\ivl\v2005_math.vpi";
:vpi_module "C:\iverilog\lib\ivl\va_math.vpi";
S_0000000000956a10 .scope module, "jump_unit" "jump_unit" 2 1;
 .timescale 0 0;
    .port_info 0 /INPUT 3 "jump_type";
    .port_info 1 /INPUT 1 "zero_flag";
    .port_info 2 /INPUT 1 "sign_flag";
    .port_info 3 /INPUT 1 "carry_flag";
    .port_info 4 /INPUT 1 "overflow_flag";
    .port_info 5 /OUTPUT 1 "jump";
o0000000000896fb8 .functor BUFZ 1, C4<z>; HiZ drive
v0000000000956ba0_0 .net "carry_flag", 0 0, o0000000000896fb8;  0 drivers
v0000000000956c40_0 .var "jump", 0 0;
o0000000000897018 .functor BUFZ 3, C4<zzz>; HiZ drive
v0000000000956ce0_0 .net "jump_type", 2 0, o0000000000897018;  0 drivers
o0000000000897048 .functor BUFZ 1, C4<z>; HiZ drive
v000000000095bc20_0 .net "overflow_flag", 0 0, o0000000000897048;  0 drivers
o0000000000897078 .functor BUFZ 1, C4<z>; HiZ drive
v000000000095bcc0_0 .net "sign_flag", 0 0, o0000000000897078;  0 drivers
o00000000008970a8 .functor BUFZ 1, C4<z>; HiZ drive
v000000000095bd60_0 .net "zero_flag", 0 0, o00000000008970a8;  0 drivers
E_0000000000958ae0/0 .event edge, v000000000095bc20_0, v0000000000956ba0_0, v000000000095bcc0_0, v000000000095bd60_0;
E_0000000000958ae0/1 .event edge, v0000000000956ce0_0;
E_0000000000958ae0 .event/or E_0000000000958ae0/0, E_0000000000958ae0/1;
    .scope S_0000000000956a10;
T_0 ;
    %wait E_0000000000958ae0;
    %load/vec4 v0000000000956ce0_0;
    %pushi/vec4 1, 0, 3;
    %cmp/e;
    %flag_get/vec4 4;
    %load/vec4 v000000000095bd60_0;
    %and;
    %load/vec4 v0000000000956ce0_0;
    %pushi/vec4 2, 0, 3;
    %cmp/e;
    %flag_get/vec4 4;
    %load/vec4 v0000000000956ba0_0;
    %and;
    %or;
    %load/vec4 v0000000000956ce0_0;
    %pushi/vec4 3, 0, 3;
    %cmp/e;
    %flag_get/vec4 4;
    %load/vec4 v0000000000956ba0_0;
    %nor/r;
    %and;
    %load/vec4 v000000000095bd60_0;
    %nor/r;
    %and;
    %or;
    %load/vec4 v0000000000956ce0_0;
    %pushi/vec4 4, 0, 3;
    %cmp/e;
    %flag_get/vec4 4;
    %load/vec4 v000000000095bcc0_0;
    %load/vec4 v000000000095bc20_0;
    %cmp/ne;
    %flag_get/vec4 4;
    %and;
    %or;
    %load/vec4 v0000000000956ce0_0;
    %pushi/vec4 5, 0, 3;
    %cmp/e;
    %flag_get/vec4 4;
    %load/vec4 v000000000095bcc0_0;
    %load/vec4 v000000000095bc20_0;
    %cmp/e;
    %flag_get/vec4 4;
    %and;
    %load/vec4 v000000000095bd60_0;
    %nor/r;
    %and;
    %or;
    %load/vec4 v0000000000956ce0_0;
    %pushi/vec4 7, 0, 3;
    %cmp/e;
    %flag_get/vec4 4;
    %or;
    %store/vec4 v0000000000956c40_0, 0, 1;
    %jmp T_0;
    .thread T_0, $push;
# The file index is used to find the file name in the following table.
:file_names 3;
    "N/A";
    "<interactive>";
    "jump_unit.v";
