#! /usr/local/iverilog/bin/vvp
:ivl_version "11.0 (devel)";
:ivl_delay_selection "TYPICAL";
:vpi_time_precision + 0;
:vpi_module "C:\iverilog\lib\ivl\system.vpi";
:vpi_module "C:\iverilog\lib\ivl\vhdl_sys.vpi";
:vpi_module "C:\iverilog\lib\ivl\vhdl_textio.vpi";
:vpi_module "C:\iverilog\lib\ivl\v2005_math.vpi";
:vpi_module "C:\iverilog\lib\ivl\va_math.vpi";
S_00000000011e6980 .scope module, "load_stall" "load_stall" 2 1;
 .timescale 0 0;
    .port_info 0 /INPUT 1 "mem_read_exe";
    .port_info 1 /INPUT 3 "Rs_id";
    .port_info 2 /INPUT 3 "Rd_id";
    .port_info 3 /INPUT 3 "Rd_ex";
    .port_info 4 /OUTPUT 1 "do_stall";
L_00000000011ee5d0 .functor OR 1, L_00000000011ee490, L_00000000011ee530, C4<0>, C4<0>;
o0000000001087128 .functor BUFZ 1, C4<z>; HiZ drive
L_00000000011ee640 .functor AND 1, o0000000001087128, L_00000000011ee5d0, C4<1>, C4<1>;
o0000000001086fd8 .functor BUFZ 3, C4<zzz>; HiZ drive
v00000000011e6b70_0 .net "Rd_ex", 2 0, o0000000001086fd8;  0 drivers
o0000000001087008 .functor BUFZ 3, C4<zzz>; HiZ drive
v00000000011e6c10_0 .net "Rd_id", 2 0, o0000000001087008;  0 drivers
o0000000001087038 .functor BUFZ 3, C4<zzz>; HiZ drive
v00000000011e6cb0_0 .net "Rs_id", 2 0, o0000000001087038;  0 drivers
v00000000011e6d50_0 .net *"_ivl_0", 0 0, L_00000000011ee490;  1 drivers
v00000000011ede00_0 .net *"_ivl_2", 0 0, L_00000000011ee530;  1 drivers
v00000000011edea0_0 .net *"_ivl_4", 0 0, L_00000000011ee5d0;  1 drivers
v00000000011ee350_0 .net "do_stall", 0 0, L_00000000011ee640;  1 drivers
v00000000011ee3f0_0 .net "mem_read_exe", 0 0, o0000000001087128;  0 drivers
L_00000000011ee490 .cmp/eq 3, o0000000001087038, o0000000001086fd8;
L_00000000011ee530 .cmp/eq 3, o0000000001087008, o0000000001086fd8;
# The file index is used to find the file name in the following table.
:file_names 3;
    "N/A";
    "<interactive>";
    "load_stall.v";
