#! /usr/local/iverilog/bin/vvp
:ivl_version "11.0 (devel)";
:ivl_delay_selection "TYPICAL";
:vpi_time_precision + 0;
:vpi_module "C:\iverilog\lib\ivl\system.vpi";
:vpi_module "C:\iverilog\lib\ivl\vhdl_sys.vpi";
:vpi_module "C:\iverilog\lib\ivl\vhdl_textio.vpi";
:vpi_module "C:\iverilog\lib\ivl\v2005_math.vpi";
:vpi_module "C:\iverilog\lib\ivl\va_math.vpi";
S_0000000001186a90 .scope module, "MUX4x1" "MUX4x1" 2 1;
 .timescale 0 0;
    .port_info 0 /INPUT 8 "input0";
    .port_info 1 /INPUT 8 "input1";
    .port_info 2 /INPUT 8 "input2";
    .port_info 3 /INPUT 8 "input3";
    .port_info 4 /INPUT 2 "select";
    .port_info 5 /OUTPUT 8 "output0";
P_0000000001189950 .param/l "in_width" 0 2 1, +C4<00000000000000000000000000001000>;
o0000000001057338 .functor BUFZ 8, C4<zzzzzzzz>; HiZ drive
L_0000000001054710 .functor AND 8, L_0000000001054470, o0000000001057338, C4<11111111>, C4<11111111>;
o0000000001057368 .functor BUFZ 8, C4<zzzzzzzz>; HiZ drive
L_00000000010549c0 .functor AND 8, L_0000000001053c50, o0000000001057368, C4<11111111>, C4<11111111>;
L_0000000001054b60 .functor OR 8, L_0000000001054710, L_00000000010549c0, C4<00000000>, C4<00000000>;
o0000000001057398 .functor BUFZ 8, C4<zzzzzzzz>; HiZ drive
L_0000000001054bd0 .functor AND 8, L_00000000010ec880, o0000000001057398, C4<11111111>, C4<11111111>;
L_00000000010ed830 .functor OR 8, L_0000000001054b60, L_0000000001054bd0, C4<00000000>, C4<00000000>;
o00000000010573c8 .functor BUFZ 8, C4<zzzzzzzz>; HiZ drive
L_00000000010ed440 .functor AND 8, L_00000000010eb520, o00000000010573c8, C4<11111111>, C4<11111111>;
L_00000000010ed360 .functor OR 8, L_00000000010ed830, L_00000000010ed440, C4<00000000>, C4<00000000>;
L_00000000010a20f8 .functor BUFT 1, C4<00>, C4<0>, C4<0>, C4<0>;
v0000000001186c20_0 .net/2u *"_ivl_0", 1 0, L_00000000010a20f8;  1 drivers
v0000000001186cc0_0 .net *"_ivl_10", 0 0, L_0000000001053930;  1 drivers
v0000000001186d60_0 .net *"_ivl_12", 7 0, L_0000000001053c50;  1 drivers
v00000000010a2050_0 .net *"_ivl_14", 7 0, L_00000000010549c0;  1 drivers
v00000000010539d0_0 .net *"_ivl_16", 7 0, L_0000000001054b60;  1 drivers
L_00000000010a2188 .functor BUFT 1, C4<10>, C4<0>, C4<0>, C4<0>;
v0000000001053750_0 .net/2u *"_ivl_18", 1 0, L_00000000010a2188;  1 drivers
v0000000001054010_0 .net *"_ivl_2", 0 0, L_0000000001053890;  1 drivers
v0000000001053cf0_0 .net *"_ivl_20", 0 0, L_0000000001054510;  1 drivers
v0000000001053a70_0 .net *"_ivl_22", 7 0, L_00000000010ec880;  1 drivers
v0000000001053b10_0 .net *"_ivl_24", 7 0, L_0000000001054bd0;  1 drivers
v00000000010540b0_0 .net *"_ivl_26", 7 0, L_00000000010ed830;  1 drivers
L_00000000010a21d0 .functor BUFT 1, C4<11>, C4<0>, C4<0>, C4<0>;
v0000000001053d90_0 .net/2u *"_ivl_28", 1 0, L_00000000010a21d0;  1 drivers
v0000000001054290_0 .net *"_ivl_30", 0 0, L_00000000010eb980;  1 drivers
v0000000001054150_0 .net *"_ivl_32", 7 0, L_00000000010eb520;  1 drivers
v00000000010541f0_0 .net *"_ivl_34", 7 0, L_00000000010ed440;  1 drivers
v0000000001053e30_0 .net *"_ivl_4", 7 0, L_0000000001054470;  1 drivers
v0000000001053ed0_0 .net *"_ivl_6", 7 0, L_0000000001054710;  1 drivers
L_00000000010a2140 .functor BUFT 1, C4<01>, C4<0>, C4<0>, C4<0>;
v0000000001053f70_0 .net/2u *"_ivl_8", 1 0, L_00000000010a2140;  1 drivers
v00000000010545b0_0 .net "input0", 7 0, o0000000001057338;  0 drivers
v0000000001054330_0 .net "input1", 7 0, o0000000001057368;  0 drivers
v00000000010543d0_0 .net "input2", 7 0, o0000000001057398;  0 drivers
v0000000001053bb0_0 .net "input3", 7 0, o00000000010573c8;  0 drivers
v0000000001054650_0 .net "output0", 7 0, L_00000000010ed360;  1 drivers
o0000000001057428 .functor BUFZ 2, C4<zz>; HiZ drive
v00000000010537f0_0 .net "select", 1 0, o0000000001057428;  0 drivers
L_0000000001053890 .cmp/eq 2, o0000000001057428, L_00000000010a20f8;
LS_0000000001054470_0_0 .concat [ 1 1 1 1], L_0000000001053890, L_0000000001053890, L_0000000001053890, L_0000000001053890;
LS_0000000001054470_0_4 .concat [ 1 1 1 1], L_0000000001053890, L_0000000001053890, L_0000000001053890, L_0000000001053890;
L_0000000001054470 .concat [ 4 4 0 0], LS_0000000001054470_0_0, LS_0000000001054470_0_4;
L_0000000001053930 .cmp/eq 2, o0000000001057428, L_00000000010a2140;
LS_0000000001053c50_0_0 .concat [ 1 1 1 1], L_0000000001053930, L_0000000001053930, L_0000000001053930, L_0000000001053930;
LS_0000000001053c50_0_4 .concat [ 1 1 1 1], L_0000000001053930, L_0000000001053930, L_0000000001053930, L_0000000001053930;
L_0000000001053c50 .concat [ 4 4 0 0], LS_0000000001053c50_0_0, LS_0000000001053c50_0_4;
L_0000000001054510 .cmp/eq 2, o0000000001057428, L_00000000010a2188;
LS_00000000010ec880_0_0 .concat [ 1 1 1 1], L_0000000001054510, L_0000000001054510, L_0000000001054510, L_0000000001054510;
LS_00000000010ec880_0_4 .concat [ 1 1 1 1], L_0000000001054510, L_0000000001054510, L_0000000001054510, L_0000000001054510;
L_00000000010ec880 .concat [ 4 4 0 0], LS_00000000010ec880_0_0, LS_00000000010ec880_0_4;
L_00000000010eb980 .cmp/eq 2, o0000000001057428, L_00000000010a21d0;
LS_00000000010eb520_0_0 .concat [ 1 1 1 1], L_00000000010eb980, L_00000000010eb980, L_00000000010eb980, L_00000000010eb980;
LS_00000000010eb520_0_4 .concat [ 1 1 1 1], L_00000000010eb980, L_00000000010eb980, L_00000000010eb980, L_00000000010eb980;
L_00000000010eb520 .concat [ 4 4 0 0], LS_00000000010eb520_0_0, LS_00000000010eb520_0_4;
# The file index is used to find the file name in the following table.
:file_names 3;
    "N/A";
    "<interactive>";
    "MUX4x1.v";
