#! /usr/local/iverilog/bin/vvp
:ivl_version "11.0 (devel)";
:ivl_delay_selection "TYPICAL";
:vpi_time_precision + 0;
:vpi_module "C:\iverilog\lib\ivl\system.vpi";
:vpi_module "C:\iverilog\lib\ivl\vhdl_sys.vpi";
:vpi_module "C:\iverilog\lib\ivl\vhdl_textio.vpi";
:vpi_module "C:\iverilog\lib\ivl\v2005_math.vpi";
:vpi_module "C:\iverilog\lib\ivl\va_math.vpi";
S_00000000008d9ce0 .scope module, "PipelineProcessor" "PipelineProcessor" 2 16;
 .timescale 0 0;
    .port_info 0 /INPUT 1 "clk";
P_00000000009d6fc0 .param/l "address_size" 0 2 16, +C4<00000000000000000000000000001000>;
P_00000000009d6ff8 .param/l "instruction_size" 0 2 16, +C4<00000000000000000000000000010000>;
L_00000000009330c0 .functor OR 1, L_0000000001187c50, v000000000112fd80_0, C4<0>, C4<0>;
v00000000011355d0_0 .net "Rd_MUX_out_exe", 7 0, L_0000000000932d40;  1 drivers
v00000000011346d0_0 .net "Rd_exe", 2 0, L_00000000011844c0;  1 drivers
v0000000001134d10_0 .net "Rd_id", 2 0, v000000000093ba30_0;  1 drivers
v0000000001134810_0 .net "Rd_mem", 2 0, L_00000000011823a0;  1 drivers
v0000000001135f30_0 .net "Rd_wb", 2 0, L_0000000001182760;  1 drivers
v00000000011357b0_0 .net "Rs_MUX_out_exe", 7 0, L_0000000001187940;  1 drivers
v0000000001135670_0 .net "Rs_exe", 2 0, L_0000000001184d80;  1 drivers
v0000000001135710_0 .net "Rs_id", 2 0, v000000000093a4f0_0;  1 drivers
v0000000001134310_0 .net "WriteData_wb", 7 0, L_00000000011879b0;  1 drivers
v0000000001135d50_0 .net "alu_output_exe", 7 0, v000000000094d8d0_0;  1 drivers
v0000000001135490_0 .net "alu_output_mem", 7 0, L_0000000001181b80;  1 drivers
v0000000001134b30_0 .net "alu_output_wb", 7 0, L_0000000001182bc0;  1 drivers
v00000000011344f0_0 .net "alu_second_input_is_immidiate_exe", 0 0, L_0000000001184c40;  1 drivers
v0000000001134270_0 .net "alu_second_input_is_immidiate_id", 0 0, v000000000094e050_0;  1 drivers
v0000000001134c70_0 .net "alu_select_exe", 3 0, L_0000000001137fb0;  1 drivers
v0000000001135850_0 .net "alu_select_id", 3 0, v000000000094dab0_0;  1 drivers
v0000000001135350_0 .net "carry_flag_exe", 0 0, L_0000000001184560;  1 drivers
v00000000011358f0_0 .net "carry_flag_mem", 0 0, L_00000000011838e0;  1 drivers
v0000000001134db0_0 .net "carry_out_exe", 0 0, v000000000094de70_0;  1 drivers
o00000000010e0148 .functor BUFZ 1, C4<z>; HiZ drive
v00000000011350d0_0 .net "clk", 0 0, o00000000010e0148;  0 drivers
v0000000001135990_0 .net "compare_exe", 0 0, v000000000094dfb0_0;  1 drivers
v0000000001134590_0 .net "compare_mem", 0 0, L_0000000001182080;  1 drivers
v0000000001135b70_0 .net "data_lookup0", 7 0, v000000000094d5b0_0;  1 drivers
v0000000001134ef0_0 .net "data_lookup1", 7 0, v000000000094e410_0;  1 drivers
v00000000011343b0_0 .net "data_lookup2", 7 0, v000000000094d6f0_0;  1 drivers
v0000000001135a30_0 .net "data_lookup3", 7 0, v000000000094ee10_0;  1 drivers
v0000000001134450_0 .net "data_lookup4", 7 0, v000000000094e910_0;  1 drivers
v0000000001135df0_0 .net "data_lookup5", 7 0, v000000000094e550_0;  1 drivers
v00000000011348b0_0 .net "data_lookup6", 7 0, v000000000094e4b0_0;  1 drivers
v0000000001134630_0 .net "data_lookup7", 7 0, v000000000094dbf0_0;  1 drivers
v0000000001134950_0 .net "data_mem_output_mem", 7 0, L_00000000011875c0;  1 drivers
v0000000001134e50_0 .net "data_mem_output_wb", 7 0, L_0000000001182620;  1 drivers
v0000000001134770_0 .net "do_forward_Rd", 1 0, v0000000001130640_0;  1 drivers
v00000000011352b0_0 .net "do_forward_Rs", 1 0, v0000000001130f00_0;  1 drivers
v00000000011349f0_0 .net "do_stall", 0 0, L_0000000001187c50;  1 drivers
v0000000001134f90_0 .net "final_reset_sig_id_exe", 0 0, L_00000000009330c0;  1 drivers
v0000000001134a90_0 .net "final_second_operand_exe", 7 0, L_00000000011877f0;  1 drivers
v0000000001135ad0_0 .net "immidiate_exe", 7 0, L_0000000001183ca0;  1 drivers
v0000000001135c10_0 .net "immidiate_id", 7 0, v000000000093b5d0_0;  1 drivers
v0000000001135170_0 .net "immidiate_mem", 7 0, L_00000000011824e0;  1 drivers
v0000000001135210_0 .net "instruction_output_id", 15 0, v000000000112f380_0;  1 drivers
v00000000011353f0_0 .net "instruction_output_if", 15 0, L_0000000000933050;  1 drivers
v0000000001134090_0 .net "jump_exe", 2 0, L_0000000001137e70;  1 drivers
v0000000001135cb0_0 .net "jump_id", 2 0, v000000000094db50_0;  1 drivers
v0000000001135e90_0 .net "jump_mem", 2 0, L_0000000001184f60;  1 drivers
v00000000011387d0_0 .net "jump_sig_mem", 0 0, v000000000112fd80_0;  1 drivers
v0000000001137290_0 .net "mem_read_exe", 0 0, L_0000000001137a10;  1 drivers
v00000000011375b0_0 .net "mem_read_id", 0 0, v000000000094e690_0;  1 drivers
v0000000001138d70_0 .net "mem_read_mem", 0 0, L_0000000001184380;  1 drivers
v0000000001137150_0 .net "mem_to_reg_exe", 0 0, L_0000000001137ab0;  1 drivers
v00000000011384b0_0 .net "mem_to_reg_id", 0 0, v000000000094e0f0_0;  1 drivers
v0000000001137b50_0 .net "mem_to_reg_mem", 0 0, L_0000000001184420;  1 drivers
v0000000001138cd0_0 .net "mem_to_reg_wb", 0 0, L_0000000001182580;  1 drivers
v0000000001138050_0 .net "mem_write_exe", 0 0, L_0000000001137970;  1 drivers
v0000000001137830_0 .net "mem_write_id", 0 0, v000000000094e190_0;  1 drivers
v0000000001138e10_0 .net "mem_write_mem", 0 0, L_00000000011842e0;  1 drivers
v0000000001138550_0 .net "overflow", 0 0, L_00000000011371f0;  1 drivers
v0000000001138a50_0 .net "overflow_flag_exe", 0 0, L_0000000001183a20;  1 drivers
v00000000011389b0_0 .net "overflow_flag_mem", 0 0, L_0000000001183ac0;  1 drivers
v0000000001138910_0 .net "pc_adder_output_if", 7 0, L_00000000011373d0;  1 drivers
v0000000001137650_0 .net "pc_input_if", 7 0, L_0000000000932fe0;  1 drivers
v0000000001138690_0 .net "pc_output_if", 7 0, v0000000001131bb0_0;  1 drivers
v0000000001137510_0 .net "rd_data_exe", 7 0, L_0000000001184a60;  1 drivers
v00000000011385f0_0 .net "rd_data_id", 7 0, L_0000000000932e20;  1 drivers
v0000000001137bf0_0 .net "reg_write_exe", 0 0, L_0000000001137f10;  1 drivers
v0000000001138730_0 .net "reg_write_id", 0 0, v0000000001130be0_0;  1 drivers
v0000000001138f50_0 .net "reg_write_mem", 0 0, L_0000000001182d00;  1 drivers
v00000000011370b0_0 .net "reg_write_wb", 0 0, L_00000000011810e0;  1 drivers
v0000000001138eb0_0 .net "rs_data_exe", 7 0, L_0000000001183c00;  1 drivers
v00000000011382d0_0 .net "rs_data_id", 7 0, L_0000000000932950;  1 drivers
v0000000001138190_0 .net "sign_flag_exe", 0 0, L_0000000001184100;  1 drivers
v0000000001138af0_0 .net "sign_flag_mem", 0 0, L_0000000001184240;  1 drivers
v0000000001137470_0 .net "zero_flag_exe", 0 0, L_0000000001184ce0;  1 drivers
v00000000011380f0_0 .net "zero_flag_mem", 0 0, L_0000000001183b60;  1 drivers
L_0000000001138410 .part v000000000112f380_0, 6, 10;
LS_0000000001137330_0_0 .concat [ 8 3 3 8], v000000000093b5d0_0, v000000000093ba30_0, v000000000093a4f0_0, L_0000000000932e20;
LS_0000000001137330_0_4 .concat [ 8 1 1 1], L_0000000000932950, v000000000094e050_0, v0000000001130be0_0, v000000000094e0f0_0;
LS_0000000001137330_0_8 .concat [ 1 4 1 3], v000000000094e690_0, v000000000094dab0_0, v000000000094e190_0, v000000000094db50_0;
L_0000000001137330 .concat [ 22 11 9 0], LS_0000000001137330_0_0, LS_0000000001137330_0_4, LS_0000000001137330_0_8;
L_0000000001137e70 .part v00000000011303c0_0, 39, 3;
L_0000000001137970 .part v00000000011303c0_0, 38, 1;
L_0000000001137fb0 .part v00000000011303c0_0, 34, 4;
L_0000000001137a10 .part v00000000011303c0_0, 33, 1;
L_0000000001137ab0 .part v00000000011303c0_0, 32, 1;
L_0000000001137f10 .part v00000000011303c0_0, 31, 1;
L_0000000001184c40 .part v00000000011303c0_0, 30, 1;
L_0000000001183c00 .part v00000000011303c0_0, 22, 8;
L_0000000001184a60 .part v00000000011303c0_0, 14, 8;
L_0000000001184d80 .part v00000000011303c0_0, 11, 3;
L_00000000011844c0 .part v00000000011303c0_0, 8, 3;
L_0000000001183ca0 .part v00000000011303c0_0, 0, 8;
L_0000000001184ce0 .part v000000000112f560_0, 3, 1;
L_0000000001184100 .part v000000000112f560_0, 2, 1;
L_0000000001184560 .part v000000000112f560_0, 1, 1;
L_0000000001183a20 .part v000000000112f560_0, 0, 1;
LS_0000000001184b00_0_0 .concat [ 1 8 8 3], v000000000094dfb0_0, v000000000094d8d0_0, L_0000000001183ca0, L_00000000011844c0;
LS_0000000001184b00_0_4 .concat [ 1 1 1 1], L_0000000001137f10, L_0000000001137ab0, L_0000000001137a10, L_0000000001137970;
LS_0000000001184b00_0_8 .concat [ 1 1 1 1], L_0000000001183a20, L_0000000001184560, L_0000000001184100, L_0000000001184ce0;
LS_0000000001184b00_0_12 .concat [ 3 0 0 0], L_0000000001137e70;
L_0000000001184b00 .concat [ 20 4 4 3], LS_0000000001184b00_0_0, LS_0000000001184b00_0_4, LS_0000000001184b00_0_8, LS_0000000001184b00_0_12;
L_0000000001184f60 .part v000000000112fb00_0, 28, 3;
L_0000000001183b60 .part v000000000112fb00_0, 27, 1;
L_0000000001184240 .part v000000000112fb00_0, 26, 1;
L_00000000011838e0 .part v000000000112fb00_0, 25, 1;
L_0000000001183ac0 .part v000000000112fb00_0, 24, 1;
L_00000000011842e0 .part v000000000112fb00_0, 23, 1;
L_0000000001184380 .part v000000000112fb00_0, 22, 1;
L_0000000001184420 .part v000000000112fb00_0, 21, 1;
L_0000000001182d00 .part v000000000112fb00_0, 20, 1;
L_00000000011823a0 .part v000000000112fb00_0, 17, 3;
L_00000000011824e0 .part v000000000112fb00_0, 9, 8;
L_0000000001181b80 .part v000000000112fb00_0, 1, 8;
L_0000000001182080 .part v000000000112fb00_0, 0, 1;
LS_0000000001182e40_0_0 .concat [ 3 8 8 1], L_00000000011823a0, L_0000000001181b80, L_00000000011875c0, L_0000000001182d00;
LS_0000000001182e40_0_4 .concat [ 1 0 0 0], L_0000000001184420;
L_0000000001182e40 .concat [ 20 1 0 0], LS_0000000001182e40_0_0, LS_0000000001182e40_0_4;
L_0000000001182580 .part v0000000001131250_0, 20, 1;
L_00000000011810e0 .part v0000000001131250_0, 19, 1;
L_0000000001182620 .part v0000000001131250_0, 11, 8;
L_0000000001182bc0 .part v0000000001131250_0, 3, 8;
L_0000000001182760 .part v0000000001131250_0, 0, 3;
S_00000000008d9e70 .scope module, "IM" "InstructionMemory" 2 54, 3 1 0, S_00000000008d9ce0;
 .timescale 0 0;
    .port_info 0 /INPUT 1 "clk";
    .port_info 1 /INPUT 8 "address";
    .port_info 2 /OUTPUT 16 "instruction_output";
L_0000000000933050 .functor BUFZ 16, L_00000000011378d0, C4<0000000000000000>, C4<0000000000000000>, C4<0000000000000000>;
v000000000093abd0_0 .net *"_ivl_0", 15 0, L_00000000011378d0;  1 drivers
v0000000000939ff0_0 .net *"_ivl_2", 9 0, L_0000000001137790;  1 drivers
L_0000000001139198 .functor BUFT 1, C4<00>, C4<0>, C4<0>, C4<0>;
v000000000093ac70_0 .net *"_ivl_5", 1 0, L_0000000001139198;  1 drivers
v000000000093b990_0 .net "address", 7 0, v0000000001131bb0_0;  alias, 1 drivers
v0000000000939eb0_0 .net "clk", 0 0, o00000000010e0148;  alias, 0 drivers
v000000000093b210 .array "data", 255 0, 15 0;
v000000000093b8f0_0 .var/i "i", 31 0;
v0000000000939f50_0 .net "instruction_output", 15 0, L_0000000000933050;  alias, 1 drivers
L_00000000011378d0 .array/port v000000000093b210, L_0000000001137790;
L_0000000001137790 .concat [ 8 2 0 0], v0000000001131bb0_0, L_0000000001139198;
S_00000000008da000 .scope module, "Ins_Decode" "instructionDecoder" 2 60, 4 1 0, S_00000000008d9ce0;
 .timescale 0 0;
    .port_info 0 /OUTPUT 3 "reg1";
    .port_info 1 /OUTPUT 3 "reg2";
    .port_info 2 /OUTPUT 8 "immidiate";
    .port_info 3 /INPUT 16 "instruction";
v000000000093b5d0_0 .var "immidiate", 7 0;
v000000000093aef0_0 .net "instruction", 15 0, v000000000112f380_0;  alias, 1 drivers
v000000000093ba30_0 .var "reg1", 2 0;
v000000000093a4f0_0 .var "reg2", 2 0;
E_00000000009221d0 .event edge, v000000000093aef0_0;
S_00000000008a06e0 .scope module, "Rd_MUX" "MUX4x1" 2 69, 5 1 0, S_00000000008d9ce0;
 .timescale 0 0;
    .port_info 0 /INPUT 8 "input0";
    .port_info 1 /INPUT 8 "input1";
    .port_info 2 /INPUT 8 "input2";
    .port_info 3 /INPUT 8 "input3";
    .port_info 4 /INPUT 2 "select";
    .port_info 5 /OUTPUT 8 "output0";
P_0000000000921e10 .param/l "in_width" 0 5 1, +C4<00000000000000000000000000001000>;
L_0000000000933280 .functor AND 8, L_0000000001183de0, L_0000000001184a60, C4<11111111>, C4<11111111>;
L_00000000009332f0 .functor AND 8, L_0000000001184060, L_0000000001181b80, C4<11111111>, C4<11111111>;
L_0000000000932e90 .functor OR 8, L_0000000000933280, L_00000000009332f0, C4<00000000>, C4<00000000>;
L_0000000000932c60 .functor AND 8, L_00000000011846a0, L_00000000011879b0, C4<11111111>, C4<11111111>;
L_0000000000933360 .functor OR 8, L_0000000000932e90, L_0000000000932c60, C4<00000000>, C4<00000000>;
L_00000000011393d8 .functor BUFT 1, C4<00000000>, C4<0>, C4<0>, C4<0>;
L_0000000000932800 .functor AND 8, L_0000000001184740, L_00000000011393d8, C4<11111111>, C4<11111111>;
L_0000000000932d40 .functor OR 8, L_0000000000933360, L_0000000000932800, C4<00000000>, C4<00000000>;
L_00000000011392b8 .functor BUFT 1, C4<00>, C4<0>, C4<0>, C4<0>;
v000000000093a770_0 .net/2u *"_ivl_0", 1 0, L_00000000011392b8;  1 drivers
v000000000093aa90_0 .net *"_ivl_10", 0 0, L_0000000001184ec0;  1 drivers
v000000000093bad0_0 .net *"_ivl_12", 7 0, L_0000000001184060;  1 drivers
v000000000093adb0_0 .net *"_ivl_14", 7 0, L_00000000009332f0;  1 drivers
v000000000093a630_0 .net *"_ivl_16", 7 0, L_0000000000932e90;  1 drivers
L_0000000001139348 .functor BUFT 1, C4<10>, C4<0>, C4<0>, C4<0>;
v000000000093b170_0 .net/2u *"_ivl_18", 1 0, L_0000000001139348;  1 drivers
v000000000093b3f0_0 .net *"_ivl_2", 0 0, L_0000000001183d40;  1 drivers
v000000000093ae50_0 .net *"_ivl_20", 0 0, L_0000000001183e80;  1 drivers
v000000000093a130_0 .net *"_ivl_22", 7 0, L_00000000011846a0;  1 drivers
v000000000093a6d0_0 .net *"_ivl_24", 7 0, L_0000000000932c60;  1 drivers
v000000000093a1d0_0 .net *"_ivl_26", 7 0, L_0000000000933360;  1 drivers
L_0000000001139390 .functor BUFT 1, C4<11>, C4<0>, C4<0>, C4<0>;
v000000000093bb70_0 .net/2u *"_ivl_28", 1 0, L_0000000001139390;  1 drivers
v000000000093a270_0 .net *"_ivl_30", 0 0, L_00000000011847e0;  1 drivers
v000000000093b2b0_0 .net *"_ivl_32", 7 0, L_0000000001184740;  1 drivers
v0000000000939d70_0 .net *"_ivl_34", 7 0, L_0000000000932800;  1 drivers
v000000000093b0d0_0 .net *"_ivl_4", 7 0, L_0000000001183de0;  1 drivers
v000000000093af90_0 .net *"_ivl_6", 7 0, L_0000000000933280;  1 drivers
L_0000000001139300 .functor BUFT 1, C4<01>, C4<0>, C4<0>, C4<0>;
v000000000093b490_0 .net/2u *"_ivl_8", 1 0, L_0000000001139300;  1 drivers
v000000000093b710_0 .net "input0", 7 0, L_0000000001184a60;  alias, 1 drivers
v000000000093b350_0 .net "input1", 7 0, L_0000000001181b80;  alias, 1 drivers
v000000000093a8b0_0 .net "input2", 7 0, L_00000000011879b0;  alias, 1 drivers
v000000000093b530_0 .net "input3", 7 0, L_00000000011393d8;  1 drivers
v000000000093b670_0 .net "output0", 7 0, L_0000000000932d40;  alias, 1 drivers
v0000000000939cd0_0 .net "select", 1 0, v0000000001130640_0;  alias, 1 drivers
L_0000000001183d40 .cmp/eq 2, v0000000001130640_0, L_00000000011392b8;
LS_0000000001183de0_0_0 .concat [ 1 1 1 1], L_0000000001183d40, L_0000000001183d40, L_0000000001183d40, L_0000000001183d40;
LS_0000000001183de0_0_4 .concat [ 1 1 1 1], L_0000000001183d40, L_0000000001183d40, L_0000000001183d40, L_0000000001183d40;
L_0000000001183de0 .concat [ 4 4 0 0], LS_0000000001183de0_0_0, LS_0000000001183de0_0_4;
L_0000000001184ec0 .cmp/eq 2, v0000000001130640_0, L_0000000001139300;
LS_0000000001184060_0_0 .concat [ 1 1 1 1], L_0000000001184ec0, L_0000000001184ec0, L_0000000001184ec0, L_0000000001184ec0;
LS_0000000001184060_0_4 .concat [ 1 1 1 1], L_0000000001184ec0, L_0000000001184ec0, L_0000000001184ec0, L_0000000001184ec0;
L_0000000001184060 .concat [ 4 4 0 0], LS_0000000001184060_0_0, LS_0000000001184060_0_4;
L_0000000001183e80 .cmp/eq 2, v0000000001130640_0, L_0000000001139348;
LS_00000000011846a0_0_0 .concat [ 1 1 1 1], L_0000000001183e80, L_0000000001183e80, L_0000000001183e80, L_0000000001183e80;
LS_00000000011846a0_0_4 .concat [ 1 1 1 1], L_0000000001183e80, L_0000000001183e80, L_0000000001183e80, L_0000000001183e80;
L_00000000011846a0 .concat [ 4 4 0 0], LS_00000000011846a0_0_0, LS_00000000011846a0_0_4;
L_00000000011847e0 .cmp/eq 2, v0000000001130640_0, L_0000000001139390;
LS_0000000001184740_0_0 .concat [ 1 1 1 1], L_00000000011847e0, L_00000000011847e0, L_00000000011847e0, L_00000000011847e0;
LS_0000000001184740_0_4 .concat [ 1 1 1 1], L_00000000011847e0, L_00000000011847e0, L_00000000011847e0, L_00000000011847e0;
L_0000000001184740 .concat [ 4 4 0 0], LS_0000000001184740_0_0, LS_0000000001184740_0_4;
S_00000000008a0870 .scope module, "Reg_File" "RegisterFile" 2 61, 6 1 0, S_00000000008d9ce0;
 .timescale 0 0;
    .port_info 0 /INPUT 1 "clk";
    .port_info 1 /INPUT 3 "ReadRegister1";
    .port_info 2 /INPUT 3 "ReadRegister2";
    .port_info 3 /INPUT 3 "WriteRegister";
    .port_info 4 /INPUT 8 "WriteData";
    .port_info 5 /INPUT 1 "RegWrite";
    .port_info 6 /OUTPUT 8 "ReadData1";
    .port_info 7 /OUTPUT 8 "ReadData2";
    .port_info 8 /OUTPUT 8 "data_lookup0";
    .port_info 9 /OUTPUT 8 "data_lookup1";
    .port_info 10 /OUTPUT 8 "data_lookup2";
    .port_info 11 /OUTPUT 8 "data_lookup3";
    .port_info 12 /OUTPUT 8 "data_lookup4";
    .port_info 13 /OUTPUT 8 "data_lookup5";
    .port_info 14 /OUTPUT 8 "data_lookup6";
    .port_info 15 /OUTPUT 8 "data_lookup7";
L_0000000000932e20 .functor BUFZ 8, L_00000000011376f0, C4<00000000>, C4<00000000>, C4<00000000>;
L_0000000000932950 .functor BUFZ 8, L_0000000001138370, C4<00000000>, C4<00000000>, C4<00000000>;
v000000000093a3b0_0 .net "ReadData1", 7 0, L_0000000000932e20;  alias, 1 drivers
v000000000093a950_0 .net "ReadData2", 7 0, L_0000000000932950;  alias, 1 drivers
v000000000093b7b0_0 .net "ReadRegister1", 2 0, v000000000093ba30_0;  alias, 1 drivers
v000000000093a810_0 .net "ReadRegister2", 2 0, v000000000093a4f0_0;  alias, 1 drivers
v000000000093a450_0 .net "RegWrite", 0 0, L_00000000011810e0;  alias, 1 drivers
v000000000093a9f0_0 .net "WriteData", 7 0, L_00000000011879b0;  alias, 1 drivers
v00000000009da5f0_0 .net "WriteRegister", 2 0, L_0000000001182760;  alias, 1 drivers
v00000000009dad70_0 .net *"_ivl_0", 7 0, L_00000000011376f0;  1 drivers
v00000000009daeb0_0 .net *"_ivl_10", 4 0, L_0000000001137d30;  1 drivers
L_0000000001139228 .functor BUFT 1, C4<00>, C4<0>, C4<0>, C4<0>;
v00000000009da730_0 .net *"_ivl_13", 1 0, L_0000000001139228;  1 drivers
v0000000000913490_0 .net *"_ivl_2", 4 0, L_0000000001137c90;  1 drivers
L_00000000011391e0 .functor BUFT 1, C4<00>, C4<0>, C4<0>, C4<0>;
v0000000000931ae0_0 .net *"_ivl_5", 1 0, L_00000000011391e0;  1 drivers
v000000000094e9b0_0 .net *"_ivl_8", 7 0, L_0000000001138370;  1 drivers
v000000000094d150_0 .net "clk", 0 0, o00000000010e0148;  alias, 0 drivers
v000000000094e870 .array "data", 7 0, 7 0;
v000000000094d5b0_0 .var "data_lookup0", 7 0;
v000000000094e410_0 .var "data_lookup1", 7 0;
v000000000094d6f0_0 .var "data_lookup2", 7 0;
v000000000094ee10_0 .var "data_lookup3", 7 0;
v000000000094e910_0 .var "data_lookup4", 7 0;
v000000000094e550_0 .var "data_lookup5", 7 0;
v000000000094e4b0_0 .var "data_lookup6", 7 0;
v000000000094dbf0_0 .var "data_lookup7", 7 0;
v000000000094ec30_0 .var/i "i", 31 0;
E_0000000000922010 .event negedge, v0000000000939eb0_0;
L_00000000011376f0 .array/port v000000000094e870, L_0000000001137c90;
L_0000000001137c90 .concat [ 3 2 0 0], v000000000093ba30_0, L_00000000011391e0;
L_0000000001138370 .array/port v000000000094e870, L_0000000001137d30;
L_0000000001137d30 .concat [ 3 2 0 0], v000000000093a4f0_0, L_0000000001139228;
S_00000000008a0a00 .scope module, "Rs_MUX" "MUX4x1" 2 70, 5 1 0, S_00000000008d9ce0;
 .timescale 0 0;
    .port_info 0 /INPUT 8 "input0";
    .port_info 1 /INPUT 8 "input1";
    .port_info 2 /INPUT 8 "input2";
    .port_info 3 /INPUT 8 "input3";
    .port_info 4 /INPUT 2 "select";
    .port_info 5 /OUTPUT 8 "output0";
P_0000000000922d50 .param/l "in_width" 0 5 1, +C4<00000000000000000000000000001000>;
L_0000000000933440 .functor AND 8, L_0000000001184600, L_0000000001183c00, C4<11111111>, C4<11111111>;
L_00000000009099a0 .functor AND 8, L_00000000011849c0, L_0000000001181b80, C4<11111111>, C4<11111111>;
L_0000000000909700 .functor OR 8, L_0000000000933440, L_00000000009099a0, C4<00000000>, C4<00000000>;
L_0000000000909070 .functor AND 8, L_0000000001184880, L_00000000011879b0, C4<11111111>, C4<11111111>;
L_00000000008de420 .functor OR 8, L_0000000000909700, L_0000000000909070, C4<00000000>, C4<00000000>;
L_0000000001139540 .functor BUFT 1, C4<00000000>, C4<0>, C4<0>, C4<0>;
L_00000000008dd7e0 .functor AND 8, L_0000000001184920, L_0000000001139540, C4<11111111>, C4<11111111>;
L_0000000001187940 .functor OR 8, L_00000000008de420, L_00000000008dd7e0, C4<00000000>, C4<00000000>;
L_0000000001139420 .functor BUFT 1, C4<00>, C4<0>, C4<0>, C4<0>;
v000000000094ecd0_0 .net/2u *"_ivl_0", 1 0, L_0000000001139420;  1 drivers
v000000000094ed70_0 .net *"_ivl_10", 0 0, L_0000000001183f20;  1 drivers
v000000000094dc90_0 .net *"_ivl_12", 7 0, L_00000000011849c0;  1 drivers
v000000000094ddd0_0 .net *"_ivl_14", 7 0, L_00000000009099a0;  1 drivers
v000000000094d1f0_0 .net *"_ivl_16", 7 0, L_0000000000909700;  1 drivers
L_00000000011394b0 .functor BUFT 1, C4<10>, C4<0>, C4<0>, C4<0>;
v000000000094dd30_0 .net/2u *"_ivl_18", 1 0, L_00000000011394b0;  1 drivers
v000000000094e7d0_0 .net *"_ivl_2", 0 0, L_0000000001183980;  1 drivers
v000000000094cf70_0 .net *"_ivl_20", 0 0, L_0000000001184e20;  1 drivers
v000000000094d650_0 .net *"_ivl_22", 7 0, L_0000000001184880;  1 drivers
v000000000094d0b0_0 .net *"_ivl_24", 7 0, L_0000000000909070;  1 drivers
v000000000094d830_0 .net *"_ivl_26", 7 0, L_00000000008de420;  1 drivers
L_00000000011394f8 .functor BUFT 1, C4<11>, C4<0>, C4<0>, C4<0>;
v000000000094d790_0 .net/2u *"_ivl_28", 1 0, L_00000000011394f8;  1 drivers
v000000000094d010_0 .net *"_ivl_30", 0 0, L_00000000011841a0;  1 drivers
v000000000094e230_0 .net *"_ivl_32", 7 0, L_0000000001184920;  1 drivers
v000000000094d330_0 .net *"_ivl_34", 7 0, L_00000000008dd7e0;  1 drivers
v000000000094df10_0 .net *"_ivl_4", 7 0, L_0000000001184600;  1 drivers
v000000000094d290_0 .net *"_ivl_6", 7 0, L_0000000000933440;  1 drivers
L_0000000001139468 .functor BUFT 1, C4<01>, C4<0>, C4<0>, C4<0>;
v000000000094eaf0_0 .net/2u *"_ivl_8", 1 0, L_0000000001139468;  1 drivers
v000000000094da10_0 .net "input0", 7 0, L_0000000001183c00;  alias, 1 drivers
v000000000094ea50_0 .net "input1", 7 0, L_0000000001181b80;  alias, 1 drivers
v000000000094d470_0 .net "input2", 7 0, L_00000000011879b0;  alias, 1 drivers
v000000000094e2d0_0 .net "input3", 7 0, L_0000000001139540;  1 drivers
v000000000094e370_0 .net "output0", 7 0, L_0000000001187940;  alias, 1 drivers
v000000000094d3d0_0 .net "select", 1 0, v0000000001130f00_0;  alias, 1 drivers
L_0000000001183980 .cmp/eq 2, v0000000001130f00_0, L_0000000001139420;
LS_0000000001184600_0_0 .concat [ 1 1 1 1], L_0000000001183980, L_0000000001183980, L_0000000001183980, L_0000000001183980;
LS_0000000001184600_0_4 .concat [ 1 1 1 1], L_0000000001183980, L_0000000001183980, L_0000000001183980, L_0000000001183980;
L_0000000001184600 .concat [ 4 4 0 0], LS_0000000001184600_0_0, LS_0000000001184600_0_4;
L_0000000001183f20 .cmp/eq 2, v0000000001130f00_0, L_0000000001139468;
LS_00000000011849c0_0_0 .concat [ 1 1 1 1], L_0000000001183f20, L_0000000001183f20, L_0000000001183f20, L_0000000001183f20;
LS_00000000011849c0_0_4 .concat [ 1 1 1 1], L_0000000001183f20, L_0000000001183f20, L_0000000001183f20, L_0000000001183f20;
L_00000000011849c0 .concat [ 4 4 0 0], LS_00000000011849c0_0_0, LS_00000000011849c0_0_4;
L_0000000001184e20 .cmp/eq 2, v0000000001130f00_0, L_00000000011394b0;
LS_0000000001184880_0_0 .concat [ 1 1 1 1], L_0000000001184e20, L_0000000001184e20, L_0000000001184e20, L_0000000001184e20;
LS_0000000001184880_0_4 .concat [ 1 1 1 1], L_0000000001184e20, L_0000000001184e20, L_0000000001184e20, L_0000000001184e20;
L_0000000001184880 .concat [ 4 4 0 0], LS_0000000001184880_0_0, LS_0000000001184880_0_4;
L_00000000011841a0 .cmp/eq 2, v0000000001130f00_0, L_00000000011394f8;
LS_0000000001184920_0_0 .concat [ 1 1 1 1], L_00000000011841a0, L_00000000011841a0, L_00000000011841a0, L_00000000011841a0;
LS_0000000001184920_0_4 .concat [ 1 1 1 1], L_00000000011841a0, L_00000000011841a0, L_00000000011841a0, L_00000000011841a0;
L_0000000001184920 .concat [ 4 4 0 0], LS_0000000001184920_0_0, LS_0000000001184920_0_4;
S_00000000008d1800 .scope module, "alu_unit" "ALU" 2 72, 7 1 0, S_00000000008d9ce0;
 .timescale 0 0;
    .port_info 0 /INPUT 8 "input0";
    .port_info 1 /INPUT 8 "input1";
    .port_info 2 /INPUT 4 "select";
    .port_info 3 /OUTPUT 8 "outputf";
    .port_info 4 /OUTPUT 1 "compare";
    .port_info 5 /OUTPUT 1 "carryout";
P_000000000094ef30 .param/l "input_width" 0 7 1, +C4<00000000000000000000000000001000>;
P_000000000094ef68 .param/l "select_size" 0 7 1, +C4<00000000000000000000000000000100>;
v000000000094de70_0 .var "carryout", 0 0;
v000000000094dfb0_0 .var "compare", 0 0;
v000000000094d510_0 .var "dummy", 7 0;
v000000000094e5f0_0 .net "input0", 7 0, L_0000000000932d40;  alias, 1 drivers
v000000000094eb90_0 .net "input1", 7 0, L_00000000011877f0;  alias, 1 drivers
v000000000094d8d0_0 .var "outputf", 7 0;
v000000000094d970_0 .net "select", 3 0, L_0000000001137fb0;  alias, 1 drivers
E_0000000000922610 .event edge, v000000000094eb90_0, v000000000093b670_0, v000000000094d970_0;
S_00000000008d1990 .scope module, "controller" "Controller" 2 62, 8 1 0, S_00000000008d9ce0;
 .timescale 0 0;
    .port_info 0 /INPUT 10 "opcode";
    .port_info 1 /OUTPUT 3 "jump_type";
    .port_info 2 /OUTPUT 1 "mem_write";
    .port_info 3 /OUTPUT 4 "alu_select";
    .port_info 4 /OUTPUT 1 "mem_read";
    .port_info 5 /OUTPUT 1 "mem_to_reg";
    .port_info 6 /OUTPUT 1 "reg_write";
    .port_info 7 /OUTPUT 1 "alu_second_input_is_immidiate";
v000000000094e050_0 .var "alu_second_input_is_immidiate", 0 0;
v000000000094dab0_0 .var "alu_select", 3 0;
v000000000094db50_0 .var "jump_type", 2 0;
v000000000094e690_0 .var "mem_read", 0 0;
v000000000094e0f0_0 .var "mem_to_reg", 0 0;
v000000000094e190_0 .var "mem_write", 0 0;
v000000000094e730_0 .net "opcode", 9 0, L_0000000001138410;  1 drivers
v000000000112f4c0_0 .var "output_bus", 9 0;
v0000000001130be0_0 .var "reg_write", 0 0;
E_0000000000922950 .event edge, v000000000094e730_0;
S_00000000008d1b20 .scope module, "data_mem" "DataMemory" 2 79, 9 1 0, S_00000000008d9ce0;
 .timescale 0 0;
    .port_info 0 /INPUT 1 "clk";
    .port_info 1 /INPUT 8 "address";
    .port_info 2 /OUTPUT 8 "outputf";
P_00000000009dbf30 .param/l "log_mem_size" 0 9 1, +C4<00000000000000000000000000001000>;
P_00000000009dbf68 .param/l "mem_size" 0 9 1, +C4<00000000000000000000000100000000>;
L_00000000011875c0 .functor BUFZ 8, L_0000000001182300, C4<00000000>, C4<00000000>, C4<00000000>;
v00000000011301e0_0 .net *"_ivl_0", 7 0, L_0000000001182300;  1 drivers
v000000000112fa60_0 .net *"_ivl_2", 9 0, L_0000000001182440;  1 drivers
L_0000000001139618 .functor BUFT 1, C4<00>, C4<0>, C4<0>, C4<0>;
v0000000001130aa0_0 .net *"_ivl_5", 1 0, L_0000000001139618;  1 drivers
v0000000001130e60_0 .net "address", 7 0, L_00000000011824e0;  alias, 1 drivers
v00000000011308c0_0 .net "clk", 0 0, o00000000010e0148;  alias, 0 drivers
v0000000001130780 .array "data", 255 0, 7 0;
v0000000001130500_0 .var/i "i", 31 0;
v0000000001130820_0 .net "outputf", 7 0, L_00000000011875c0;  alias, 1 drivers
L_0000000001182300 .array/port v0000000001130780, L_0000000001182440;
L_0000000001182440 .concat [ 8 2 0 0], L_00000000011824e0, L_0000000001139618;
S_00000000008baee0 .scope module, "exe_mem" "REG1" 2 76, 10 1 0, S_00000000008d9ce0;
 .timescale 0 0;
    .port_info 0 /INPUT 1 "clk";
    .port_info 1 /INPUT 1 "nen_write";
    .port_info 2 /INPUT 1 "reset";
    .port_info 3 /INPUT 31 "serial_input";
    .port_info 4 /OUTPUT 31 "serial_output";
P_00000000009230d0 .param/l "reg_size" 0 10 1, +C4<00000000000000000000000000011111>;
v0000000001130000_0 .net "clk", 0 0, o00000000010e0148;  alias, 0 drivers
L_0000000001139588 .functor BUFT 1, C4<0>, C4<0>, C4<0>, C4<0>;
v000000000112f600_0 .net "nen_write", 0 0, L_0000000001139588;  1 drivers
L_00000000011395d0 .functor BUFT 1, C4<0>, C4<0>, C4<0>, C4<0>;
v000000000112fec0_0 .net "reset", 0 0, L_00000000011395d0;  1 drivers
v000000000112f920_0 .net "serial_input", 30 0, L_0000000001184b00;  1 drivers
v000000000112fb00_0 .var "serial_output", 30 0;
E_0000000000923350 .event posedge, v0000000000939eb0_0;
S_00000000008bb070 .scope module, "flag_unit" "Flag_Unit" 2 73, 11 1 0, S_00000000008d9ce0;
 .timescale 0 0;
    .port_info 0 /INPUT 4 "alu_operation";
    .port_info 1 /INPUT 8 "alu_output";
    .port_info 2 /INPUT 8 "Rd_MUX_out";
    .port_info 3 /INPUT 8 "Rs_MUX_out";
    .port_info 4 /INPUT 1 "carryout";
    .port_info 5 /OUTPUT 4 "flag_set_output";
v00000000011300a0_0 .net "Rd_MUX_out", 7 0, L_0000000000932d40;  alias, 1 drivers
v000000000112f2e0_0 .net "Rs_MUX_out", 7 0, L_0000000001187940;  alias, 1 drivers
v00000000011305a0_0 .net "alu_operation", 3 0, L_0000000001137fb0;  alias, 1 drivers
v0000000001130c80_0 .net "alu_output", 7 0, v000000000094d8d0_0;  alias, 1 drivers
v0000000001130a00_0 .var "carry_flag", 0 0;
v0000000001130960_0 .net "carryout", 0 0, v000000000094de70_0;  alias, 1 drivers
v000000000112f560_0 .var "flag_set_output", 3 0;
v0000000001130d20_0 .var "overflow_flag", 0 0;
v000000000112fba0_0 .var "sign_flag", 0 0;
v000000000112f9c0_0 .var "zero_flag", 0 0;
E_0000000000922c50/0 .event edge, v000000000094de70_0, v000000000094e370_0, v000000000093b670_0, v000000000094d8d0_0;
E_0000000000922c50/1 .event edge, v000000000094d970_0;
E_0000000000922c50 .event/or E_0000000000922c50/0, E_0000000000922c50/1;
S_00000000008bb200 .scope module, "fw_u" "forwarding_unit" 2 90, 12 1 0, S_00000000008d9ce0;
 .timescale 0 0;
    .port_info 0 /INPUT 3 "Rd_mem";
    .port_info 1 /INPUT 3 "Rd_wb";
    .port_info 2 /INPUT 1 "reg_write_mem";
    .port_info 3 /INPUT 1 "reg_write_wb";
    .port_info 4 /INPUT 3 "Rs_exe";
    .port_info 5 /INPUT 3 "Rd_exe";
    .port_info 6 /OUTPUT 2 "do_forward_Rs";
    .port_info 7 /OUTPUT 2 "do_forward_Rd";
v000000000112f060_0 .net "Rd_exe", 2 0, L_00000000011844c0;  alias, 1 drivers
v0000000001130140_0 .net "Rd_mem", 2 0, L_00000000011823a0;  alias, 1 drivers
v0000000001130dc0_0 .net "Rd_wb", 2 0, L_0000000001182760;  alias, 1 drivers
v0000000001130b40_0 .net "Rs_exe", 2 0, L_0000000001184d80;  alias, 1 drivers
v0000000001130640_0 .var "do_forward_Rd", 1 0;
v0000000001130f00_0 .var "do_forward_Rs", 1 0;
v000000000112f100_0 .net "reg_write_mem", 0 0, L_0000000001182d00;  alias, 1 drivers
v000000000112f1a0_0 .net "reg_write_wb", 0 0, L_00000000011810e0;  alias, 1 drivers
E_0000000000922650/0 .event edge, v000000000112f060_0, v0000000001130b40_0, v000000000093a450_0, v000000000112f100_0;
E_0000000000922650/1 .event edge, v00000000009da5f0_0, v0000000001130140_0;
E_0000000000922650 .event/or E_0000000000922650/0, E_0000000000922650/1;
S_00000000008da240 .scope module, "id_exe" "REG1" 2 66, 10 1 0, S_00000000008d9ce0;
 .timescale 0 0;
    .port_info 0 /INPUT 1 "clk";
    .port_info 1 /INPUT 1 "nen_write";
    .port_info 2 /INPUT 1 "reset";
    .port_info 3 /INPUT 42 "serial_input";
    .port_info 4 /OUTPUT 42 "serial_output";
P_0000000000923190 .param/l "reg_size" 0 10 1, +C4<00000000000000000000000000101010>;
v0000000001130280_0 .net "clk", 0 0, o00000000010e0148;  alias, 0 drivers
L_0000000001139270 .functor BUFT 1, C4<0>, C4<0>, C4<0>, C4<0>;
v000000000112fce0_0 .net "nen_write", 0 0, L_0000000001139270;  1 drivers
v000000000112f240_0 .net "reset", 0 0, L_00000000009330c0;  alias, 1 drivers
v000000000112f6a0_0 .net "serial_input", 41 0, L_0000000001137330;  1 drivers
v00000000011303c0_0 .var "serial_output", 41 0;
S_00000000008da3d0 .scope module, "if_id" "REG1" 2 57, 10 1 0, S_00000000008d9ce0;
 .timescale 0 0;
    .port_info 0 /INPUT 1 "clk";
    .port_info 1 /INPUT 1 "nen_write";
    .port_info 2 /INPUT 1 "reset";
    .port_info 3 /INPUT 16 "serial_input";
    .port_info 4 /OUTPUT 16 "serial_output";
P_00000000009229d0 .param/l "reg_size" 0 10 1, +C4<00000000000000000000000000010000>;
v0000000001130320_0 .net "clk", 0 0, o00000000010e0148;  alias, 0 drivers
v000000000112f740_0 .net "nen_write", 0 0, L_0000000001187c50;  alias, 1 drivers
v00000000011306e0_0 .net "reset", 0 0, v000000000112fd80_0;  alias, 1 drivers
v000000000112fe20_0 .net "serial_input", 15 0, L_0000000000933050;  alias, 1 drivers
v000000000112f380_0 .var "serial_output", 15 0;
S_00000000008da560 .scope module, "j_unit" "jump_unit" 2 80, 13 1 0, S_00000000008d9ce0;
 .timescale 0 0;
    .port_info 0 /INPUT 3 "jump_type";
    .port_info 1 /INPUT 1 "zero_flag";
    .port_info 2 /INPUT 1 "sign_flag";
    .port_info 3 /INPUT 1 "carry_flag";
    .port_info 4 /INPUT 1 "overflow_flag";
    .port_info 5 /OUTPUT 1 "jump";
v000000000112f420_0 .net "carry_flag", 0 0, L_00000000011838e0;  alias, 1 drivers
v000000000112fd80_0 .var "jump", 0 0;
v000000000112f7e0_0 .net "jump_type", 2 0, L_0000000001184f60;  alias, 1 drivers
v0000000001130460_0 .net "overflow_flag", 0 0, L_0000000001183ac0;  alias, 1 drivers
v000000000112f880_0 .net "sign_flag", 0 0, L_0000000001184240;  alias, 1 drivers
v000000000112fc40_0 .net "zero_flag", 0 0, L_0000000001183b60;  alias, 1 drivers
E_0000000000922e90/0 .event edge, v0000000001130460_0, v000000000112f420_0, v000000000112f880_0, v000000000112fc40_0;
E_0000000000922e90/1 .event edge, v000000000112f7e0_0;
E_0000000000922e90 .event/or E_0000000000922e90/0, E_0000000000922e90/1;
S_00000000008cea80 .scope module, "ls_u" "load_stall" 2 92, 14 1 0, S_00000000008d9ce0;
 .timescale 0 0;
    .port_info 0 /INPUT 1 "mem_read_exe";
    .port_info 1 /INPUT 3 "Rs_id";
    .port_info 2 /INPUT 3 "Rd_id";
    .port_info 3 /INPUT 3 "Rd_ex";
    .port_info 4 /OUTPUT 1 "do_stall";
L_0000000001187a20 .functor OR 1, L_00000000011817c0, L_0000000001181680, C4<0>, C4<0>;
L_0000000001187c50 .functor AND 1, L_0000000001137a10, L_0000000001187a20, C4<1>, C4<1>;
v000000000112ff60_0 .net "Rd_ex", 2 0, L_00000000011844c0;  alias, 1 drivers
v00000000011311b0_0 .net "Rd_id", 2 0, v000000000093ba30_0;  alias, 1 drivers
v0000000001132a10_0 .net "Rs_id", 2 0, v000000000093a4f0_0;  alias, 1 drivers
v00000000011316b0_0 .net *"_ivl_0", 0 0, L_00000000011817c0;  1 drivers
v0000000001131c50_0 .net *"_ivl_2", 0 0, L_0000000001181680;  1 drivers
v00000000011326f0_0 .net *"_ivl_4", 0 0, L_0000000001187a20;  1 drivers
v0000000001131390_0 .net "do_stall", 0 0, L_0000000001187c50;  alias, 1 drivers
v0000000001132f10_0 .net "mem_read_exe", 0 0, L_0000000001137a10;  alias, 1 drivers
L_00000000011817c0 .cmp/eq 3, v000000000093a4f0_0, L_00000000011844c0;
L_0000000001181680 .cmp/eq 3, v000000000093ba30_0, L_00000000011844c0;
S_00000000008cec10 .scope module, "mem_wb" "REG1" 2 83, 10 1 0, S_00000000008d9ce0;
 .timescale 0 0;
    .port_info 0 /INPUT 1 "clk";
    .port_info 1 /INPUT 1 "nen_write";
    .port_info 2 /INPUT 1 "reset";
    .port_info 3 /INPUT 21 "serial_input";
    .port_info 4 /OUTPUT 21 "serial_output";
P_0000000000922e10 .param/l "reg_size" 0 10 1, +C4<00000000000000000000000000010101>;
v0000000001132d30_0 .net "clk", 0 0, o00000000010e0148;  alias, 0 drivers
L_0000000001139660 .functor BUFT 1, C4<0>, C4<0>, C4<0>, C4<0>;
v0000000001131110_0 .net "nen_write", 0 0, L_0000000001139660;  1 drivers
L_00000000011396a8 .functor BUFT 1, C4<0>, C4<0>, C4<0>, C4<0>;
v00000000011320b0_0 .net "reset", 0 0, L_00000000011396a8;  1 drivers
v0000000001132c90_0 .net "serial_input", 20 0, L_0000000001182e40;  1 drivers
v0000000001131250_0 .var "serial_output", 20 0;
S_0000000001133b70 .scope module, "pc" "REG1" 2 49, 10 1 0, S_00000000008d9ce0;
 .timescale 0 0;
    .port_info 0 /INPUT 1 "clk";
    .port_info 1 /INPUT 1 "nen_write";
    .port_info 2 /INPUT 1 "reset";
    .port_info 3 /INPUT 8 "serial_input";
    .port_info 4 /OUTPUT 8 "serial_output";
P_00000000009226d0 .param/l "reg_size" 0 10 1, +C4<00000000000000000000000000001000>;
v0000000001131ed0_0 .net "clk", 0 0, o00000000010e0148;  alias, 0 drivers
v0000000001132470_0 .net "nen_write", 0 0, L_0000000001187c50;  alias, 1 drivers
L_0000000001139078 .functor BUFT 1, C4<0>, C4<0>, C4<0>, C4<0>;
v0000000001131b10_0 .net "reset", 0 0, L_0000000001139078;  1 drivers
v0000000001132510_0 .net "serial_input", 7 0, L_0000000000932fe0;  alias, 1 drivers
v0000000001131bb0_0 .var "serial_output", 7 0;
S_0000000001133080 .scope module, "pc_adder" "Adder" 2 52, 15 1 0, S_00000000008d9ce0;
 .timescale 0 0;
    .port_info 0 /INPUT 1 "cin";
    .port_info 1 /INPUT 8 "input1";
    .port_info 2 /INPUT 8 "input2";
    .port_info 3 /OUTPUT 8 "output1";
    .port_info 4 /OUTPUT 1 "overflow";
P_0000000000922710 .param/l "bus_width" 0 15 1, +C4<00000000000000000000000000001000>;
L_00000000011390c0 .functor BUFT 1, C4<0>, C4<0>, C4<0>, C4<0>;
v00000000011312f0_0 .net *"_ivl_10", 0 0, L_00000000011390c0;  1 drivers
v00000000011325b0_0 .net *"_ivl_11", 8 0, L_0000000001138b90;  1 drivers
L_0000000001139738 .functor BUFT 1, C4<000000000>, C4<0>, C4<0>, C4<0>;
v0000000001132bf0_0 .net *"_ivl_13", 8 0, L_0000000001139738;  1 drivers
v0000000001131430_0 .net *"_ivl_17", 8 0, L_0000000001138230;  1 drivers
L_00000000011396f0 .functor BUFT 1, C4<000000001>, C4<0>, C4<0>, C4<0>;
v0000000001132290_0 .net *"_ivl_3", 8 0, L_00000000011396f0;  1 drivers
v0000000001132dd0_0 .net *"_ivl_7", 8 0, L_0000000001138870;  1 drivers
L_0000000001139108 .functor BUFT 1, C4<0>, C4<0>, C4<0>, C4<0>;
v0000000001132790_0 .net "cin", 0 0, L_0000000001139108;  1 drivers
L_0000000001139150 .functor BUFT 1, C4<00000001>, C4<0>, C4<0>, C4<0>;
v0000000001131930_0 .net "input1", 7 0, L_0000000001139150;  1 drivers
v0000000001131f70_0 .net "input2", 7 0, v0000000001131bb0_0;  alias, 1 drivers
v0000000001132650_0 .net "output1", 7 0, L_00000000011373d0;  alias, 1 drivers
v0000000001131d90_0 .net "overflow", 0 0, L_00000000011371f0;  alias, 1 drivers
L_00000000011371f0 .part L_0000000001138230, 8, 1;
L_00000000011373d0 .part L_0000000001138230, 0, 8;
L_0000000001138870 .concat [ 8 1 0 0], v0000000001131bb0_0, L_00000000011390c0;
L_0000000001138b90 .arith/sum 9, L_00000000011396f0, L_0000000001138870;
L_0000000001138230 .arith/sum 9, L_0000000001138b90, L_0000000001139738;
S_00000000011336c0 .scope module, "pc_mux" "MUX" 2 53, 16 1 0, S_00000000008d9ce0;
 .timescale 0 0;
    .port_info 0 /INPUT 8 "input0";
    .port_info 1 /INPUT 8 "input1";
    .port_info 2 /INPUT 1 "select";
    .port_info 3 /OUTPUT 8 "output_bus";
P_0000000000922910 .param/l "in_width" 0 16 1, +C4<00000000000000000000000000001000>;
L_0000000000932bf0 .functor NOT 1, v000000000112fd80_0, C4<0>, C4<0>, C4<0>;
L_0000000000933600 .functor AND 8, L_00000000011373d0, L_0000000001137dd0, C4<11111111>, C4<11111111>;
L_0000000000933210 .functor AND 8, L_00000000011824e0, L_0000000001138c30, C4<11111111>, C4<11111111>;
L_0000000000932fe0 .functor OR 8, L_0000000000933600, L_0000000000933210, C4<00000000>, C4<00000000>;
v0000000001132830_0 .net *"_ivl_0", 0 0, L_0000000000932bf0;  1 drivers
v00000000011328d0_0 .net *"_ivl_2", 7 0, L_0000000001137dd0;  1 drivers
v0000000001132970_0 .net *"_ivl_4", 7 0, L_0000000000933600;  1 drivers
v0000000001132e70_0 .net *"_ivl_6", 7 0, L_0000000001138c30;  1 drivers
v0000000001132010_0 .net *"_ivl_8", 7 0, L_0000000000933210;  1 drivers
v0000000001132150_0 .net "input0", 7 0, L_00000000011373d0;  alias, 1 drivers
v0000000001132ab0_0 .net "input1", 7 0, L_00000000011824e0;  alias, 1 drivers
v0000000001131070_0 .net "output_bus", 7 0, L_0000000000932fe0;  alias, 1 drivers
v00000000011314d0_0 .net "select", 0 0, v000000000112fd80_0;  alias, 1 drivers
LS_0000000001137dd0_0_0 .concat [ 1 1 1 1], L_0000000000932bf0, L_0000000000932bf0, L_0000000000932bf0, L_0000000000932bf0;
LS_0000000001137dd0_0_4 .concat [ 1 1 1 1], L_0000000000932bf0, L_0000000000932bf0, L_0000000000932bf0, L_0000000000932bf0;
L_0000000001137dd0 .concat [ 4 4 0 0], LS_0000000001137dd0_0_0, LS_0000000001137dd0_0_4;
LS_0000000001138c30_0_0 .concat [ 1 1 1 1], v000000000112fd80_0, v000000000112fd80_0, v000000000112fd80_0, v000000000112fd80_0;
LS_0000000001138c30_0_4 .concat [ 1 1 1 1], v000000000112fd80_0, v000000000112fd80_0, v000000000112fd80_0, v000000000112fd80_0;
L_0000000001138c30 .concat [ 4 4 0 0], LS_0000000001138c30_0_0, LS_0000000001138c30_0_4;
S_0000000001133850 .scope module, "second_reg_input" "MUX" 2 71, 16 1 0, S_00000000008d9ce0;
 .timescale 0 0;
    .port_info 0 /INPUT 8 "input0";
    .port_info 1 /INPUT 8 "input1";
    .port_info 2 /INPUT 1 "select";
    .port_info 3 /OUTPUT 8 "output_bus";
P_0000000000922dd0 .param/l "in_width" 0 16 1, +C4<00000000000000000000000000001000>;
L_0000000001187b70 .functor NOT 1, L_0000000001184c40, C4<0>, C4<0>, C4<0>;
L_00000000011876a0 .functor AND 8, L_0000000001187940, L_0000000001183fc0, C4<11111111>, C4<11111111>;
L_00000000011870f0 .functor AND 8, L_0000000001183ca0, L_0000000001184ba0, C4<11111111>, C4<11111111>;
L_00000000011877f0 .functor OR 8, L_00000000011876a0, L_00000000011870f0, C4<00000000>, C4<00000000>;
v0000000001131cf0_0 .net *"_ivl_0", 0 0, L_0000000001187b70;  1 drivers
v0000000001131570_0 .net *"_ivl_2", 7 0, L_0000000001183fc0;  1 drivers
v0000000001131e30_0 .net *"_ivl_4", 7 0, L_00000000011876a0;  1 drivers
v0000000001132b50_0 .net *"_ivl_6", 7 0, L_0000000001184ba0;  1 drivers
v0000000001131610_0 .net *"_ivl_8", 7 0, L_00000000011870f0;  1 drivers
v0000000001131750_0 .net "input0", 7 0, L_0000000001187940;  alias, 1 drivers
v00000000011321f0_0 .net "input1", 7 0, L_0000000001183ca0;  alias, 1 drivers
v00000000011317f0_0 .net "output_bus", 7 0, L_00000000011877f0;  alias, 1 drivers
v0000000001132330_0 .net "select", 0 0, L_0000000001184c40;  alias, 1 drivers
LS_0000000001183fc0_0_0 .concat [ 1 1 1 1], L_0000000001187b70, L_0000000001187b70, L_0000000001187b70, L_0000000001187b70;
LS_0000000001183fc0_0_4 .concat [ 1 1 1 1], L_0000000001187b70, L_0000000001187b70, L_0000000001187b70, L_0000000001187b70;
L_0000000001183fc0 .concat [ 4 4 0 0], LS_0000000001183fc0_0_0, LS_0000000001183fc0_0_4;
LS_0000000001184ba0_0_0 .concat [ 1 1 1 1], L_0000000001184c40, L_0000000001184c40, L_0000000001184c40, L_0000000001184c40;
LS_0000000001184ba0_0_4 .concat [ 1 1 1 1], L_0000000001184c40, L_0000000001184c40, L_0000000001184c40, L_0000000001184c40;
L_0000000001184ba0 .concat [ 4 4 0 0], LS_0000000001184ba0_0_0, LS_0000000001184ba0_0_4;
S_0000000001133210 .scope module, "wb_MUX" "MUX" 2 86, 16 1 0, S_00000000008d9ce0;
 .timescale 0 0;
    .port_info 0 /INPUT 8 "input0";
    .port_info 1 /INPUT 8 "input1";
    .port_info 2 /INPUT 1 "select";
    .port_info 3 /OUTPUT 8 "output_bus";
P_0000000000922b10 .param/l "in_width" 0 16 1, +C4<00000000000000000000000000001000>;
L_0000000001187b00 .functor NOT 1, L_0000000001182580, C4<0>, C4<0>, C4<0>;
L_0000000001187860 .functor AND 8, L_0000000001182bc0, L_0000000001183020, C4<11111111>, C4<11111111>;
L_0000000001187240 .functor AND 8, L_0000000001182620, L_00000000011833e0, C4<11111111>, C4<11111111>;
L_00000000011879b0 .functor OR 8, L_0000000001187860, L_0000000001187240, C4<00000000>, C4<00000000>;
v0000000001131890_0 .net *"_ivl_0", 0 0, L_0000000001187b00;  1 drivers
v00000000011319d0_0 .net *"_ivl_2", 7 0, L_0000000001183020;  1 drivers
v00000000011323d0_0 .net *"_ivl_4", 7 0, L_0000000001187860;  1 drivers
v0000000001131a70_0 .net *"_ivl_6", 7 0, L_00000000011833e0;  1 drivers
v0000000001135530_0 .net *"_ivl_8", 7 0, L_0000000001187240;  1 drivers
v0000000001134bd0_0 .net "input0", 7 0, L_0000000001182bc0;  alias, 1 drivers
v0000000001135030_0 .net "input1", 7 0, L_0000000001182620;  alias, 1 drivers
v0000000001134130_0 .net "output_bus", 7 0, L_00000000011879b0;  alias, 1 drivers
v00000000011341d0_0 .net "select", 0 0, L_0000000001182580;  alias, 1 drivers
LS_0000000001183020_0_0 .concat [ 1 1 1 1], L_0000000001187b00, L_0000000001187b00, L_0000000001187b00, L_0000000001187b00;
LS_0000000001183020_0_4 .concat [ 1 1 1 1], L_0000000001187b00, L_0000000001187b00, L_0000000001187b00, L_0000000001187b00;
L_0000000001183020 .concat [ 4 4 0 0], LS_0000000001183020_0_0, LS_0000000001183020_0_4;
LS_00000000011833e0_0_0 .concat [ 1 1 1 1], L_0000000001182580, L_0000000001182580, L_0000000001182580, L_0000000001182580;
LS_00000000011833e0_0_4 .concat [ 1 1 1 1], L_0000000001182580, L_0000000001182580, L_0000000001182580, L_0000000001182580;
L_00000000011833e0 .concat [ 4 4 0 0], LS_00000000011833e0_0_0, LS_00000000011833e0_0_4;
    .scope S_0000000001133b70;
T_0 ;
    %pushi/vec4 0, 0, 8;
    %store/vec4 v0000000001131bb0_0, 0, 8;
    %end;
    .thread T_0;
    .scope S_0000000001133b70;
T_1 ;
    %wait E_0000000000923350;
    %load/vec4 v0000000001131b10_0;
    %flag_set/vec4 8;
    %jmp/0xz  T_1.0, 8;
    %pushi/vec4 0, 0, 8;
    %assign/vec4 v0000000001131bb0_0, 0;
    %jmp T_1.1;
T_1.0 ;
    %load/vec4 v0000000001131b10_0;
    %inv;
    %load/vec4 v0000000001132470_0;
    %inv;
    %and;
    %flag_set/vec4 8;
    %jmp/0xz  T_1.2, 8;
    %load/vec4 v0000000001132510_0;
    %assign/vec4 v0000000001131bb0_0, 0;
    %jmp T_1.3;
T_1.2 ;
    %load/vec4 v0000000001131b10_0;
    %inv;
    %load/vec4 v0000000001132470_0;
    %and;
    %flag_set/vec4 8;
    %jmp/0xz  T_1.4, 8;
    %load/vec4 v0000000001131bb0_0;
    %assign/vec4 v0000000001131bb0_0, 0;
T_1.4 ;
T_1.3 ;
T_1.1 ;
    %jmp T_1;
    .thread T_1;
    .scope S_00000000008d9e70;
T_2 ;
    %pushi/vec4 0, 0, 32;
    %store/vec4 v000000000093b8f0_0, 0, 32;
T_2.0 ;
    %load/vec4 v000000000093b8f0_0;
    %cmpi/s 256, 0, 32;
    %jmp/0xz T_2.1, 5;
    %pushi/vec4 0, 0, 16;
    %ix/getv/s 4, v000000000093b8f0_0;
    %store/vec4a v000000000093b210, 4, 0;
    %load/vec4 v000000000093b8f0_0;
    %addi 1, 0, 32;
    %store/vec4 v000000000093b8f0_0, 0, 32;
    %jmp T_2.0;
T_2.1 ;
    %pushi/vec4 43018, 0, 16;
    %ix/load 4, 0, 0;
    %flag_set/imm 4, 0;
    %store/vec4a v000000000093b210, 4, 0;
    %pushi/vec4 47366, 0, 16;
    %ix/load 4, 1, 0;
    %flag_set/imm 4, 0;
    %store/vec4a v000000000093b210, 4, 0;
    %pushi/vec4 97, 0, 16;
    %ix/load 4, 2, 0;
    %flag_set/imm 4, 0;
    %store/vec4a v000000000093b210, 4, 0;
    %pushi/vec4 0, 0, 16;
    %ix/load 4, 3, 0;
    %flag_set/imm 4, 0;
    %store/vec4a v000000000093b210, 4, 0;
    %pushi/vec4 0, 0, 16;
    %ix/load 4, 4, 0;
    %flag_set/imm 4, 0;
    %store/vec4a v000000000093b210, 4, 0;
    %pushi/vec4 0, 0, 16;
    %ix/load 4, 5, 0;
    %flag_set/imm 4, 0;
    %store/vec4a v000000000093b210, 4, 0;
    %pushi/vec4 0, 0, 16;
    %ix/load 4, 6, 0;
    %flag_set/imm 4, 0;
    %store/vec4a v000000000093b210, 4, 0;
    %pushi/vec4 0, 0, 16;
    %ix/load 4, 7, 0;
    %flag_set/imm 4, 0;
    %store/vec4a v000000000093b210, 4, 0;
    %pushi/vec4 0, 0, 16;
    %ix/load 4, 8, 0;
    %flag_set/imm 4, 0;
    %store/vec4a v000000000093b210, 4, 0;
    %pushi/vec4 0, 0, 16;
    %ix/load 4, 9, 0;
    %flag_set/imm 4, 0;
    %store/vec4a v000000000093b210, 4, 0;
    %pushi/vec4 45319, 0, 16;
    %ix/load 4, 10, 0;
    %flag_set/imm 4, 0;
    %store/vec4a v000000000093b210, 4, 0;
    %pushi/vec4 0, 0, 16;
    %ix/load 4, 11, 0;
    %flag_set/imm 4, 0;
    %store/vec4a v000000000093b210, 4, 0;
    %pushi/vec4 0, 0, 16;
    %ix/load 4, 12, 0;
    %flag_set/imm 4, 0;
    %store/vec4a v000000000093b210, 4, 0;
    %pushi/vec4 0, 0, 16;
    %ix/load 4, 13, 0;
    %flag_set/imm 4, 0;
    %store/vec4a v000000000093b210, 4, 0;
    %pushi/vec4 968, 0, 16;
    %ix/load 4, 14, 0;
    %flag_set/imm 4, 0;
    %store/vec4a v000000000093b210, 4, 0;
    %pushi/vec4 0, 0, 16;
    %ix/load 4, 15, 0;
    %flag_set/imm 4, 0;
    %store/vec4a v000000000093b210, 4, 0;
    %pushi/vec4 0, 0, 16;
    %ix/load 4, 16, 0;
    %flag_set/imm 4, 0;
    %store/vec4a v000000000093b210, 4, 0;
    %pushi/vec4 0, 0, 16;
    %ix/load 4, 17, 0;
    %flag_set/imm 4, 0;
    %store/vec4a v000000000093b210, 4, 0;
    %pushi/vec4 0, 0, 16;
    %ix/load 4, 18, 0;
    %flag_set/imm 4, 0;
    %store/vec4a v000000000093b210, 4, 0;
    %end;
    .thread T_2;
    .scope S_00000000008da3d0;
T_3 ;
    %pushi/vec4 0, 0, 16;
    %store/vec4 v000000000112f380_0, 0, 16;
    %end;
    .thread T_3;
    .scope S_00000000008da3d0;
T_4 ;
    %wait E_0000000000923350;
    %load/vec4 v00000000011306e0_0;
    %flag_set/vec4 8;
    %jmp/0xz  T_4.0, 8;
    %pushi/vec4 0, 0, 16;
    %assign/vec4 v000000000112f380_0, 0;
    %jmp T_4.1;
T_4.0 ;
    %load/vec4 v00000000011306e0_0;
    %inv;
    %load/vec4 v000000000112f740_0;
    %inv;
    %and;
    %flag_set/vec4 8;
    %jmp/0xz  T_4.2, 8;
    %load/vec4 v000000000112fe20_0;
    %assign/vec4 v000000000112f380_0, 0;
    %jmp T_4.3;
T_4.2 ;
    %load/vec4 v00000000011306e0_0;
    %inv;
    %load/vec4 v000000000112f740_0;
    %and;
    %flag_set/vec4 8;
    %jmp/0xz  T_4.4, 8;
    %load/vec4 v000000000112f380_0;
    %assign/vec4 v000000000112f380_0, 0;
T_4.4 ;
T_4.3 ;
T_4.1 ;
    %jmp T_4;
    .thread T_4;
    .scope S_00000000008da000;
T_5 ;
    %wait E_00000000009221d0;
    %load/vec4 v000000000093aef0_0;
    %parti/s 1, 15, 5;
    %pad/u 32;
    %cmpi/e 0, 0, 32;
    %jmp/0xz  T_5.0, 4;
    %load/vec4 v000000000093aef0_0;
    %parti/s 3, 3, 3;
    %store/vec4 v000000000093ba30_0, 0, 3;
    %load/vec4 v000000000093aef0_0;
    %parti/s 3, 0, 2;
    %store/vec4 v000000000093a4f0_0, 0, 3;
    %pushi/vec4 0, 0, 5;
    %load/vec4 v000000000093a4f0_0;
    %concat/vec4; draw_concat_vec4
    %store/vec4 v000000000093b5d0_0, 0, 8;
    %jmp T_5.1;
T_5.0 ;
    %load/vec4 v000000000093aef0_0;
    %parti/s 1, 15, 5;
    %pad/u 32;
    %cmpi/e 1, 0, 32;
    %jmp/0xz  T_5.2, 4;
    %load/vec4 v000000000093aef0_0;
    %parti/s 3, 8, 5;
    %store/vec4 v000000000093ba30_0, 0, 3;
    %pushi/vec4 0, 0, 3;
    %store/vec4 v000000000093a4f0_0, 0, 3;
    %load/vec4 v000000000093aef0_0;
    %parti/s 8, 0, 2;
    %store/vec4 v000000000093b5d0_0, 0, 8;
T_5.2 ;
T_5.1 ;
    %jmp T_5;
    .thread T_5, $push;
    .scope S_00000000008a0870;
T_6 ;
    %pushi/vec4 0, 0, 32;
    %store/vec4 v000000000094ec30_0, 0, 32;
T_6.0 ;
    %load/vec4 v000000000094ec30_0;
    %cmpi/s 8, 0, 32;
    %jmp/0xz T_6.1, 5;
    %pushi/vec4 0, 0, 8;
    %ix/getv/s 4, v000000000094ec30_0;
    %store/vec4a v000000000094e870, 4, 0;
    %load/vec4 v000000000094ec30_0;
    %addi 1, 0, 32;
    %store/vec4 v000000000094ec30_0, 0, 32;
    %jmp T_6.0;
T_6.1 ;
    %pushi/vec4 45, 0, 8;
    %ix/load 4, 4, 0;
    %flag_set/imm 4, 0;
    %store/vec4a v000000000094e870, 4, 0;
    %end;
    .thread T_6;
    .scope S_00000000008a0870;
T_7 ;
    %wait E_0000000000922010;
    %load/vec4 v000000000093a450_0;
    %flag_set/vec4 8;
    %jmp/0 T_7.0, 8;
    %load/vec4 v000000000093a9f0_0;
    %jmp/1 T_7.1, 8;
T_7.0 ; End of true expr.
    %load/vec4 v00000000009da5f0_0;
    %pad/u 5;
    %ix/vec4 4;
    %load/vec4a v000000000094e870, 4;
    %jmp/0 T_7.1, 8;
 ; End of false expr.
    %blend;
T_7.1;
    %load/vec4 v00000000009da5f0_0;
    %pad/u 5;
    %ix/vec4 4;
    %store/vec4a v000000000094e870, 4, 0;
    %ix/load 4, 0, 0;
    %flag_set/imm 4, 0;
    %load/vec4a v000000000094e870, 4;
    %store/vec4 v000000000094d5b0_0, 0, 8;
    %ix/load 4, 1, 0;
    %flag_set/imm 4, 0;
    %load/vec4a v000000000094e870, 4;
    %store/vec4 v000000000094e410_0, 0, 8;
    %ix/load 4, 2, 0;
    %flag_set/imm 4, 0;
    %load/vec4a v000000000094e870, 4;
    %store/vec4 v000000000094d6f0_0, 0, 8;
    %ix/load 4, 3, 0;
    %flag_set/imm 4, 0;
    %load/vec4a v000000000094e870, 4;
    %store/vec4 v000000000094ee10_0, 0, 8;
    %ix/load 4, 4, 0;
    %flag_set/imm 4, 0;
    %load/vec4a v000000000094e870, 4;
    %store/vec4 v000000000094e910_0, 0, 8;
    %ix/load 4, 5, 0;
    %flag_set/imm 4, 0;
    %load/vec4a v000000000094e870, 4;
    %store/vec4 v000000000094e550_0, 0, 8;
    %ix/load 4, 6, 0;
    %flag_set/imm 4, 0;
    %load/vec4a v000000000094e870, 4;
    %store/vec4 v000000000094e4b0_0, 0, 8;
    %ix/load 4, 7, 0;
    %flag_set/imm 4, 0;
    %load/vec4a v000000000094e870, 4;
    %store/vec4 v000000000094dbf0_0, 0, 8;
    %jmp T_7;
    .thread T_7;
    .scope S_00000000008d1990;
T_8 ;
    %wait E_0000000000922950;
    %load/vec4 v000000000094e730_0;
    %parti/s 1, 9, 5;
    %nor/r;
    %flag_set/vec4 8;
    %jmp/0xz  T_8.0, 8;
    %load/vec4 v000000000094e730_0;
    %dup/vec4;
    %pushi/vec4 0, 0, 10;
    %cmp/u;
    %jmp/1 T_8.2, 6;
    %dup/vec4;
    %pushi/vec4 1, 0, 10;
    %cmp/u;
    %jmp/1 T_8.3, 6;
    %dup/vec4;
    %pushi/vec4 2, 0, 10;
    %cmp/u;
    %jmp/1 T_8.4, 6;
    %dup/vec4;
    %pushi/vec4 3, 0, 10;
    %cmp/u;
    %jmp/1 T_8.5, 6;
    %dup/vec4;
    %pushi/vec4 4, 0, 10;
    %cmp/u;
    %jmp/1 T_8.6, 6;
    %dup/vec4;
    %pushi/vec4 5, 0, 10;
    %cmp/u;
    %jmp/1 T_8.7, 6;
    %dup/vec4;
    %pushi/vec4 6, 0, 10;
    %cmp/u;
    %jmp/1 T_8.8, 6;
    %dup/vec4;
    %pushi/vec4 8, 0, 10;
    %cmp/u;
    %jmp/1 T_8.9, 6;
    %dup/vec4;
    %pushi/vec4 9, 0, 10;
    %cmp/u;
    %jmp/1 T_8.10, 6;
    %dup/vec4;
    %pushi/vec4 10, 0, 10;
    %cmp/u;
    %jmp/1 T_8.11, 6;
    %dup/vec4;
    %pushi/vec4 11, 0, 10;
    %cmp/u;
    %jmp/1 T_8.12, 6;
    %dup/vec4;
    %pushi/vec4 12, 0, 10;
    %cmp/u;
    %jmp/1 T_8.13, 6;
    %dup/vec4;
    %pushi/vec4 13, 0, 10;
    %cmp/u;
    %jmp/1 T_8.14, 6;
    %dup/vec4;
    %pushi/vec4 14, 0, 10;
    %cmp/u;
    %jmp/1 T_8.15, 6;
    %dup/vec4;
    %pushi/vec4 15, 0, 10;
    %cmp/u;
    %jmp/1 T_8.16, 6;
    %dup/vec4;
    %pushi/vec4 16, 0, 10;
    %cmp/u;
    %jmp/1 T_8.17, 6;
    %jmp T_8.18;
T_8.2 ;
    %pushi/vec4 0, 0, 10;
    %store/vec4 v000000000112f4c0_0, 0, 10;
    %jmp T_8.18;
T_8.3 ;
    %pushi/vec4 2, 0, 10;
    %store/vec4 v000000000112f4c0_0, 0, 10;
    %jmp T_8.18;
T_8.4 ;
    %pushi/vec4 18, 0, 10;
    %store/vec4 v000000000112f4c0_0, 0, 10;
    %jmp T_8.18;
T_8.5 ;
    %pushi/vec4 34, 0, 10;
    %store/vec4 v000000000112f4c0_0, 0, 10;
    %jmp T_8.18;
T_8.6 ;
    %pushi/vec4 50, 0, 10;
    %store/vec4 v000000000112f4c0_0, 0, 10;
    %jmp T_8.18;
T_8.7 ;
    %pushi/vec4 66, 0, 10;
    %store/vec4 v000000000112f4c0_0, 0, 10;
    %jmp T_8.18;
T_8.8 ;
    %pushi/vec4 82, 0, 10;
    %store/vec4 v000000000112f4c0_0, 0, 10;
    %jmp T_8.18;
T_8.9 ;
    %pushi/vec4 98, 0, 10;
    %store/vec4 v000000000112f4c0_0, 0, 10;
    %jmp T_8.18;
T_8.10 ;
    %pushi/vec4 115, 0, 10;
    %store/vec4 v000000000112f4c0_0, 0, 10;
    %jmp T_8.18;
T_8.11 ;
    %pushi/vec4 131, 0, 10;
    %store/vec4 v000000000112f4c0_0, 0, 10;
    %jmp T_8.18;
T_8.12 ;
    %pushi/vec4 147, 0, 10;
    %store/vec4 v000000000112f4c0_0, 0, 10;
    %jmp T_8.18;
T_8.13 ;
    %pushi/vec4 163, 0, 10;
    %store/vec4 v000000000112f4c0_0, 0, 10;
    %jmp T_8.18;
T_8.14 ;
    %pushi/vec4 179, 0, 10;
    %store/vec4 v000000000112f4c0_0, 0, 10;
    %jmp T_8.18;
T_8.15 ;
    %pushi/vec4 195, 0, 10;
    %store/vec4 v000000000112f4c0_0, 0, 10;
    %jmp T_8.18;
T_8.16 ;
    %pushi/vec4 226, 0, 10;
    %store/vec4 v000000000112f4c0_0, 0, 10;
    %jmp T_8.18;
T_8.17 ;
    %pushi/vec4 242, 0, 10;
    %store/vec4 v000000000112f4c0_0, 0, 10;
    %jmp T_8.18;
T_8.18 ;
    %pop/vec4 1;
    %jmp T_8.1;
T_8.0 ;
    %load/vec4 v000000000094e730_0;
    %parti/s 5, 5, 4;
    %dup/vec4;
    %pushi/vec4 16, 0, 5;
    %cmp/u;
    %jmp/1 T_8.19, 6;
    %dup/vec4;
    %pushi/vec4 17, 0, 5;
    %cmp/u;
    %jmp/1 T_8.20, 6;
    %dup/vec4;
    %pushi/vec4 18, 0, 5;
    %cmp/u;
    %jmp/1 T_8.21, 6;
    %dup/vec4;
    %pushi/vec4 19, 0, 5;
    %cmp/u;
    %jmp/1 T_8.22, 6;
    %dup/vec4;
    %pushi/vec4 20, 0, 5;
    %cmp/u;
    %jmp/1 T_8.23, 6;
    %dup/vec4;
    %pushi/vec4 21, 0, 5;
    %cmp/u;
    %jmp/1 T_8.24, 6;
    %dup/vec4;
    %pushi/vec4 22, 0, 5;
    %cmp/u;
    %jmp/1 T_8.25, 6;
    %dup/vec4;
    %pushi/vec4 23, 0, 5;
    %cmp/u;
    %jmp/1 T_8.26, 6;
    %jmp T_8.27;
T_8.19 ;
    %pushi/vec4 512, 0, 10;
    %store/vec4 v000000000112f4c0_0, 0, 10;
    %jmp T_8.27;
T_8.20 ;
    %pushi/vec4 0, 0, 10;
    %store/vec4 v000000000112f4c0_0, 0, 10;
    %jmp T_8.27;
T_8.21 ;
    %pushi/vec4 512, 0, 10;
    %store/vec4 v000000000112f4c0_0, 0, 10;
    %jmp T_8.27;
T_8.22 ;
    %pushi/vec4 0, 0, 10;
    %store/vec4 v000000000112f4c0_0, 0, 10;
    %jmp T_8.27;
T_8.23 ;
    %pushi/vec4 512, 0, 10;
    %store/vec4 v000000000112f4c0_0, 0, 10;
    %jmp T_8.27;
T_8.24 ;
    %pushi/vec4 512, 0, 10;
    %store/vec4 v000000000112f4c0_0, 0, 10;
    %jmp T_8.27;
T_8.25 ;
    %pushi/vec4 83, 0, 10;
    %store/vec4 v000000000112f4c0_0, 0, 10;
    %jmp T_8.27;
T_8.26 ;
    %pushi/vec4 95, 0, 10;
    %store/vec4 v000000000112f4c0_0, 0, 10;
    %jmp T_8.27;
T_8.27 ;
    %pop/vec4 1;
T_8.1 ;
    %load/vec4 v000000000112f4c0_0;
    %pad/u 12;
    %split/vec4 1;
    %store/vec4 v000000000094e050_0, 0, 1;
    %split/vec4 1;
    %store/vec4 v0000000001130be0_0, 0, 1;
    %split/vec4 1;
    %store/vec4 v000000000094e0f0_0, 0, 1;
    %split/vec4 1;
    %store/vec4 v000000000094e690_0, 0, 1;
    %split/vec4 4;
    %store/vec4 v000000000094dab0_0, 0, 4;
    %split/vec4 1;
    %store/vec4 v000000000094e190_0, 0, 1;
    %store/vec4 v000000000094db50_0, 0, 3;
    %jmp T_8;
    .thread T_8, $push;
    .scope S_00000000008da240;
T_9 ;
    %pushi/vec4 0, 0, 42;
    %store/vec4 v00000000011303c0_0, 0, 42;
    %end;
    .thread T_9;
    .scope S_00000000008da240;
T_10 ;
    %wait E_0000000000923350;
    %load/vec4 v000000000112f240_0;
    %flag_set/vec4 8;
    %jmp/0xz  T_10.0, 8;
    %pushi/vec4 0, 0, 42;
    %assign/vec4 v00000000011303c0_0, 0;
    %jmp T_10.1;
T_10.0 ;
    %load/vec4 v000000000112f240_0;
    %inv;
    %load/vec4 v000000000112fce0_0;
    %inv;
    %and;
    %flag_set/vec4 8;
    %jmp/0xz  T_10.2, 8;
    %load/vec4 v000000000112f6a0_0;
    %assign/vec4 v00000000011303c0_0, 0;
    %jmp T_10.3;
T_10.2 ;
    %load/vec4 v000000000112f240_0;
    %inv;
    %load/vec4 v000000000112fce0_0;
    %and;
    %flag_set/vec4 8;
    %jmp/0xz  T_10.4, 8;
    %load/vec4 v00000000011303c0_0;
    %assign/vec4 v00000000011303c0_0, 0;
T_10.4 ;
T_10.3 ;
T_10.1 ;
    %jmp T_10;
    .thread T_10;
    .scope S_00000000008d1800;
T_11 ;
    %pushi/vec4 0, 0, 1;
    %store/vec4 v000000000094de70_0, 0, 1;
    %end;
    .thread T_11;
    .scope S_00000000008d1800;
T_12 ;
    %wait E_0000000000922610;
    %pushi/vec4 0, 0, 1;
    %store/vec4 v000000000094de70_0, 0, 1;
    %load/vec4 v000000000094d970_0;
    %dup/vec4;
    %pushi/vec4 0, 0, 4;
    %cmp/u;
    %jmp/1 T_12.0, 6;
    %dup/vec4;
    %pushi/vec4 1, 0, 4;
    %cmp/u;
    %jmp/1 T_12.1, 6;
    %dup/vec4;
    %pushi/vec4 2, 0, 4;
    %cmp/u;
    %jmp/1 T_12.2, 6;
    %dup/vec4;
    %pushi/vec4 3, 0, 4;
    %cmp/u;
    %jmp/1 T_12.3, 6;
    %dup/vec4;
    %pushi/vec4 4, 0, 4;
    %cmp/u;
    %jmp/1 T_12.4, 6;
    %dup/vec4;
    %pushi/vec4 5, 0, 4;
    %cmp/u;
    %jmp/1 T_12.5, 6;
    %dup/vec4;
    %pushi/vec4 6, 0, 4;
    %cmp/u;
    %jmp/1 T_12.6, 6;
    %dup/vec4;
    %pushi/vec4 7, 0, 4;
    %cmp/u;
    %jmp/1 T_12.7, 6;
    %dup/vec4;
    %pushi/vec4 8, 0, 4;
    %cmp/u;
    %jmp/1 T_12.8, 6;
    %dup/vec4;
    %pushi/vec4 9, 0, 4;
    %cmp/u;
    %jmp/1 T_12.9, 6;
    %dup/vec4;
    %pushi/vec4 10, 0, 4;
    %cmp/u;
    %jmp/1 T_12.10, 6;
    %dup/vec4;
    %pushi/vec4 11, 0, 4;
    %cmp/u;
    %jmp/1 T_12.11, 6;
    %dup/vec4;
    %pushi/vec4 12, 0, 4;
    %cmp/u;
    %jmp/1 T_12.12, 6;
    %dup/vec4;
    %pushi/vec4 13, 0, 4;
    %cmp/u;
    %jmp/1 T_12.13, 6;
    %dup/vec4;
    %pushi/vec4 14, 0, 4;
    %cmp/u;
    %jmp/1 T_12.14, 6;
    %dup/vec4;
    %pushi/vec4 15, 0, 4;
    %cmp/u;
    %jmp/1 T_12.15, 6;
    %jmp T_12.16;
T_12.0 ;
    %load/vec4 v000000000094e5f0_0;
    %pad/u 9;
    %load/vec4 v000000000094eb90_0;
    %pad/u 9;
    %add;
    %split/vec4 8;
    %store/vec4 v000000000094d8d0_0, 0, 8;
    %store/vec4 v000000000094de70_0, 0, 1;
    %jmp T_12.16;
T_12.1 ;
    %load/vec4 v000000000094e5f0_0;
    %load/vec4 v000000000094eb90_0;
    %and;
    %store/vec4 v000000000094d8d0_0, 0, 8;
    %jmp T_12.16;
T_12.2 ;
    %load/vec4 v000000000094e5f0_0;
    %load/vec4 v000000000094eb90_0;
    %sub;
    %store/vec4 v000000000094d8d0_0, 0, 8;
    %jmp T_12.16;
T_12.3 ;
    %load/vec4 v000000000094e5f0_0;
    %load/vec4 v000000000094eb90_0;
    %or;
    %store/vec4 v000000000094d8d0_0, 0, 8;
    %jmp T_12.16;
T_12.4 ;
    %load/vec4 v000000000094e5f0_0;
    %load/vec4 v000000000094eb90_0;
    %xor;
    %store/vec4 v000000000094d8d0_0, 0, 8;
    %jmp T_12.16;
T_12.5 ;
    %load/vec4 v000000000094eb90_0;
    %store/vec4 v000000000094d8d0_0, 0, 8;
    %jmp T_12.16;
T_12.6 ;
    %load/vec4 v000000000094e5f0_0;
    %inv;
    %store/vec4 v000000000094d8d0_0, 0, 8;
    %jmp T_12.16;
T_12.7 ;
    %load/vec4 v000000000094e5f0_0;
    %ix/getv 4, v000000000094eb90_0;
    %shiftr 4;
    %store/vec4 v000000000094d8d0_0, 0, 8;
    %jmp T_12.16;
T_12.8 ;
    %load/vec4 v000000000094e5f0_0;
    %ix/getv 4, v000000000094eb90_0;
    %shiftr 4;
    %store/vec4 v000000000094d8d0_0, 0, 8;
    %jmp T_12.16;
T_12.9 ;
    %load/vec4 v000000000094e5f0_0;
    %ix/getv 4, v000000000094eb90_0;
    %shiftl 4;
    %store/vec4 v000000000094d8d0_0, 0, 8;
    %jmp T_12.16;
T_12.10 ;
    %load/vec4 v000000000094e5f0_0;
    %ix/getv 4, v000000000094eb90_0;
    %shiftl 4;
    %store/vec4 v000000000094d8d0_0, 0, 8;
    %jmp T_12.16;
T_12.11 ;
    %load/vec4 v000000000094e5f0_0;
    %load/vec4 v000000000094e5f0_0;
    %concat/vec4; draw_concat_vec4
    %ix/getv 4, v000000000094eb90_0;
    %shiftl 4;
    %split/vec4 8;
    %store/vec4 v000000000094d510_0, 0, 8;
    %store/vec4 v000000000094d8d0_0, 0, 8;
    %jmp T_12.16;
T_12.12 ;
    %load/vec4 v000000000094e5f0_0;
    %load/vec4 v000000000094e5f0_0;
    %concat/vec4; draw_concat_vec4
    %ix/getv 4, v000000000094eb90_0;
    %shiftr 4;
    %split/vec4 8;
    %store/vec4 v000000000094d8d0_0, 0, 8;
    %store/vec4 v000000000094d510_0, 0, 8;
    %jmp T_12.16;
T_12.13 ;
    %load/vec4 v000000000094e5f0_0;
    %store/vec4 v000000000094d8d0_0, 0, 8;
    %jmp T_12.16;
T_12.14 ;
    %load/vec4 v000000000094e5f0_0;
    %addi 1, 0, 8;
    %store/vec4 v000000000094d8d0_0, 0, 8;
    %jmp T_12.16;
T_12.15 ;
    %load/vec4 v000000000094e5f0_0;
    %subi 1, 0, 8;
    %store/vec4 v000000000094d8d0_0, 0, 8;
    %jmp T_12.16;
T_12.16 ;
    %pop/vec4 1;
    %load/vec4 v000000000094e5f0_0;
    %load/vec4 v000000000094eb90_0;
    %cmp/e;
    %flag_get/vec4 4;
    %store/vec4 v000000000094dfb0_0, 0, 1;
    %jmp T_12;
    .thread T_12, $push;
    .scope S_00000000008bb070;
T_13 ;
    %wait E_0000000000922c50;
    %load/vec4 v0000000001130c80_0;
    %pad/u 32;
    %pushi/vec4 0, 0, 32;
    %cmp/e;
    %flag_get/vec4 4;
    %store/vec4 v000000000112f9c0_0, 0, 1;
    %load/vec4 v0000000001130c80_0;
    %parti/s 1, 7, 4;
    %store/vec4 v000000000112fba0_0, 0, 1;
    %load/vec4 v0000000001130960_0;
    %store/vec4 v0000000001130a00_0, 0, 1;
    %load/vec4 v00000000011305a0_0;
    %pad/u 32;
    %pushi/vec4 1, 0, 32;
    %cmp/e;
    %flag_get/vec4 4;
    %load/vec4 v00000000011305a0_0;
    %pad/u 32;
    %pushi/vec4 2, 0, 32;
    %cmp/e;
    %flag_get/vec4 4;
    %or;
    %load/vec4 v00000000011300a0_0;
    %parti/s 1, 7, 4;
    %load/vec4 v000000000112f2e0_0;
    %parti/s 1, 7, 4;
    %cmp/e;
    %flag_get/vec4 4;
    %and;
    %load/vec4 v00000000011300a0_0;
    %parti/s 1, 7, 4;
    %load/vec4 v0000000001130c80_0;
    %parti/s 1, 7, 4;
    %cmp/ne;
    %flag_get/vec4 4;
    %and;
    %store/vec4 v0000000001130d20_0, 0, 1;
    %load/vec4 v00000000011305a0_0;
    %dup/vec4;
    %pushi/vec4 1, 0, 4;
    %cmp/u;
    %jmp/1 T_13.0, 6;
    %dup/vec4;
    %pushi/vec4 3, 0, 4;
    %cmp/u;
    %jmp/1 T_13.1, 6;
    %dup/vec4;
    %pushi/vec4 4, 0, 4;
    %cmp/u;
    %jmp/1 T_13.2, 6;
    %dup/vec4;
    %pushi/vec4 7, 0, 4;
    %cmp/u;
    %jmp/1 T_13.3, 6;
    %dup/vec4;
    %pushi/vec4 8, 0, 4;
    %cmp/u;
    %jmp/1 T_13.4, 6;
    %dup/vec4;
    %pushi/vec4 9, 0, 4;
    %cmp/u;
    %jmp/1 T_13.5, 6;
    %dup/vec4;
    %pushi/vec4 10, 0, 4;
    %cmp/u;
    %jmp/1 T_13.6, 6;
    %dup/vec4;
    %pushi/vec4 11, 0, 4;
    %cmp/u;
    %jmp/1 T_13.7, 6;
    %dup/vec4;
    %pushi/vec4 12, 0, 4;
    %cmp/u;
    %jmp/1 T_13.8, 6;
    %jmp T_13.9;
T_13.0 ;
    %pushi/vec4 0, 0, 1;
    %store/vec4 v0000000001130a00_0, 0, 1;
    %pushi/vec4 0, 0, 1;
    %store/vec4 v0000000001130d20_0, 0, 1;
    %jmp T_13.9;
T_13.1 ;
    %pushi/vec4 0, 0, 1;
    %store/vec4 v0000000001130a00_0, 0, 1;
    %pushi/vec4 0, 0, 1;
    %store/vec4 v0000000001130d20_0, 0, 1;
    %jmp T_13.9;
T_13.2 ;
    %pushi/vec4 0, 0, 1;
    %store/vec4 v0000000001130a00_0, 0, 1;
    %pushi/vec4 0, 0, 1;
    %store/vec4 v0000000001130d20_0, 0, 1;
    %jmp T_13.9;
T_13.3 ;
    %load/vec4 v00000000011300a0_0;
    %parti/s 1, 7, 4;
    %load/vec4 v0000000001130c80_0;
    %parti/s 1, 7, 4;
    %cmp/ne;
    %flag_get/vec4 4;
    %store/vec4 v0000000001130d20_0, 0, 1;
    %load/vec4 v00000000011300a0_0;
    %pushi/vec4 7, 0, 32;
    %load/vec4 v000000000112f2e0_0;
    %pad/u 32;
    %sub;
    %part/u 1;
    %store/vec4 v0000000001130a00_0, 0, 1;
    %jmp T_13.9;
T_13.4 ;
    %load/vec4 v00000000011300a0_0;
    %parti/s 1, 7, 4;
    %load/vec4 v0000000001130c80_0;
    %parti/s 1, 7, 4;
    %cmp/ne;
    %flag_get/vec4 4;
    %store/vec4 v0000000001130d20_0, 0, 1;
    %load/vec4 v00000000011300a0_0;
    %pushi/vec4 7, 0, 32;
    %load/vec4 v000000000112f2e0_0;
    %pad/u 32;
    %sub;
    %part/u 1;
    %store/vec4 v0000000001130a00_0, 0, 1;
    %jmp T_13.9;
T_13.5 ;
    %load/vec4 v00000000011300a0_0;
    %parti/s 1, 7, 4;
    %load/vec4 v0000000001130c80_0;
    %parti/s 1, 7, 4;
    %cmp/ne;
    %flag_get/vec4 4;
    %store/vec4 v0000000001130d20_0, 0, 1;
    %load/vec4 v00000000011300a0_0;
    %load/vec4 v000000000112f2e0_0;
    %part/u 1;
    %store/vec4 v0000000001130a00_0, 0, 1;
    %jmp T_13.9;
T_13.6 ;
    %load/vec4 v00000000011300a0_0;
    %parti/s 1, 7, 4;
    %load/vec4 v0000000001130c80_0;
    %parti/s 1, 7, 4;
    %cmp/ne;
    %flag_get/vec4 4;
    %store/vec4 v0000000001130d20_0, 0, 1;
    %load/vec4 v00000000011300a0_0;
    %load/vec4 v000000000112f2e0_0;
    %part/u 1;
    %store/vec4 v0000000001130a00_0, 0, 1;
    %jmp T_13.9;
T_13.7 ;
    %load/vec4 v00000000011300a0_0;
    %parti/s 1, 7, 4;
    %load/vec4 v0000000001130c80_0;
    %parti/s 1, 7, 4;
    %cmp/ne;
    %flag_get/vec4 4;
    %store/vec4 v0000000001130d20_0, 0, 1;
    %load/vec4 v00000000011300a0_0;
    %load/vec4 v000000000112f2e0_0;
    %part/u 1;
    %store/vec4 v0000000001130a00_0, 0, 1;
    %jmp T_13.9;
T_13.8 ;
    %load/vec4 v00000000011300a0_0;
    %parti/s 1, 7, 4;
    %load/vec4 v0000000001130c80_0;
    %parti/s 1, 7, 4;
    %cmp/ne;
    %flag_get/vec4 4;
    %store/vec4 v0000000001130d20_0, 0, 1;
    %load/vec4 v00000000011300a0_0;
    %pushi/vec4 7, 0, 32;
    %load/vec4 v000000000112f2e0_0;
    %pad/u 32;
    %sub;
    %part/u 1;
    %store/vec4 v0000000001130a00_0, 0, 1;
    %jmp T_13.9;
T_13.9 ;
    %pop/vec4 1;
    %load/vec4 v000000000112f9c0_0;
    %load/vec4 v000000000112fba0_0;
    %concat/vec4; draw_concat_vec4
    %load/vec4 v0000000001130a00_0;
    %concat/vec4; draw_concat_vec4
    %load/vec4 v0000000001130d20_0;
    %concat/vec4; draw_concat_vec4
    %store/vec4 v000000000112f560_0, 0, 4;
    %jmp T_13;
    .thread T_13, $push;
    .scope S_00000000008baee0;
T_14 ;
    %pushi/vec4 0, 0, 31;
    %store/vec4 v000000000112fb00_0, 0, 31;
    %end;
    .thread T_14;
    .scope S_00000000008baee0;
T_15 ;
    %wait E_0000000000923350;
    %load/vec4 v000000000112fec0_0;
    %flag_set/vec4 8;
    %jmp/0xz  T_15.0, 8;
    %pushi/vec4 0, 0, 31;
    %assign/vec4 v000000000112fb00_0, 0;
    %jmp T_15.1;
T_15.0 ;
    %load/vec4 v000000000112fec0_0;
    %inv;
    %load/vec4 v000000000112f600_0;
    %inv;
    %and;
    %flag_set/vec4 8;
    %jmp/0xz  T_15.2, 8;
    %load/vec4 v000000000112f920_0;
    %assign/vec4 v000000000112fb00_0, 0;
    %jmp T_15.3;
T_15.2 ;
    %load/vec4 v000000000112fec0_0;
    %inv;
    %load/vec4 v000000000112f600_0;
    %and;
    %flag_set/vec4 8;
    %jmp/0xz  T_15.4, 8;
    %load/vec4 v000000000112fb00_0;
    %assign/vec4 v000000000112fb00_0, 0;
T_15.4 ;
T_15.3 ;
T_15.1 ;
    %jmp T_15;
    .thread T_15;
    .scope S_00000000008d1b20;
T_16 ;
    %pushi/vec4 0, 0, 32;
    %store/vec4 v0000000001130500_0, 0, 32;
T_16.0 ;
    %load/vec4 v0000000001130500_0;
    %cmpi/s 256, 0, 32;
    %jmp/0xz T_16.1, 5;
    %pushi/vec4 0, 0, 8;
    %ix/getv/s 4, v0000000001130500_0;
    %store/vec4a v0000000001130780, 4, 0;
    %load/vec4 v0000000001130500_0;
    %addi 1, 0, 32;
    %store/vec4 v0000000001130500_0, 0, 32;
    %jmp T_16.0;
T_16.1 ;
    %pushi/vec4 66, 0, 8;
    %ix/load 4, 6, 0;
    %flag_set/imm 4, 0;
    %store/vec4a v0000000001130780, 4, 0;
    %pushi/vec4 1, 0, 8;
    %ix/load 4, 8, 0;
    %flag_set/imm 4, 0;
    %store/vec4a v0000000001130780, 4, 0;
    %end;
    .thread T_16;
    .scope S_00000000008da560;
T_17 ;
    %wait E_0000000000922e90;
    %load/vec4 v000000000112f7e0_0;
    %pushi/vec4 1, 0, 3;
    %cmp/e;
    %flag_get/vec4 4;
    %load/vec4 v000000000112fc40_0;
    %and;
    %load/vec4 v000000000112f7e0_0;
    %pushi/vec4 2, 0, 3;
    %cmp/e;
    %flag_get/vec4 4;
    %load/vec4 v000000000112f420_0;
    %and;
    %or;
    %load/vec4 v000000000112f7e0_0;
    %pushi/vec4 3, 0, 3;
    %cmp/e;
    %flag_get/vec4 4;
    %load/vec4 v000000000112f420_0;
    %nor/r;
    %and;
    %load/vec4 v000000000112fc40_0;
    %nor/r;
    %and;
    %or;
    %load/vec4 v000000000112f7e0_0;
    %pushi/vec4 4, 0, 3;
    %cmp/e;
    %flag_get/vec4 4;
    %load/vec4 v000000000112f880_0;
    %load/vec4 v0000000001130460_0;
    %cmp/ne;
    %flag_get/vec4 4;
    %and;
    %or;
    %load/vec4 v000000000112f7e0_0;
    %pushi/vec4 5, 0, 3;
    %cmp/e;
    %flag_get/vec4 4;
    %load/vec4 v000000000112f880_0;
    %load/vec4 v0000000001130460_0;
    %cmp/e;
    %flag_get/vec4 4;
    %and;
    %load/vec4 v000000000112fc40_0;
    %nor/r;
    %and;
    %or;
    %load/vec4 v000000000112f7e0_0;
    %pushi/vec4 7, 0, 3;
    %cmp/e;
    %flag_get/vec4 4;
    %or;
    %store/vec4 v000000000112fd80_0, 0, 1;
    %jmp T_17;
    .thread T_17, $push;
    .scope S_00000000008cec10;
T_18 ;
    %pushi/vec4 0, 0, 21;
    %store/vec4 v0000000001131250_0, 0, 21;
    %end;
    .thread T_18;
    .scope S_00000000008cec10;
T_19 ;
    %wait E_0000000000923350;
    %load/vec4 v00000000011320b0_0;
    %flag_set/vec4 8;
    %jmp/0xz  T_19.0, 8;
    %pushi/vec4 0, 0, 21;
    %assign/vec4 v0000000001131250_0, 0;
    %jmp T_19.1;
T_19.0 ;
    %load/vec4 v00000000011320b0_0;
    %inv;
    %load/vec4 v0000000001131110_0;
    %inv;
    %and;
    %flag_set/vec4 8;
    %jmp/0xz  T_19.2, 8;
    %load/vec4 v0000000001132c90_0;
    %assign/vec4 v0000000001131250_0, 0;
    %jmp T_19.3;
T_19.2 ;
    %load/vec4 v00000000011320b0_0;
    %inv;
    %load/vec4 v0000000001131110_0;
    %and;
    %flag_set/vec4 8;
    %jmp/0xz  T_19.4, 8;
    %load/vec4 v0000000001131250_0;
    %assign/vec4 v0000000001131250_0, 0;
T_19.4 ;
T_19.3 ;
T_19.1 ;
    %jmp T_19;
    .thread T_19;
    .scope S_00000000008bb200;
T_20 ;
    %wait E_0000000000922650;
    %load/vec4 v000000000112f100_0;
    %load/vec4 v0000000001130140_0;
    %load/vec4 v0000000001130b40_0;
    %cmp/e;
    %flag_get/vec4 4;
    %and;
    %flag_set/vec4 8;
    %jmp/0xz  T_20.0, 8;
    %pushi/vec4 1, 0, 2;
    %store/vec4 v0000000001130f00_0, 0, 2;
    %jmp T_20.1;
T_20.0 ;
    %pushi/vec4 0, 0, 2;
    %store/vec4 v0000000001130f00_0, 0, 2;
T_20.1 ;
    %load/vec4 v000000000112f100_0;
    %load/vec4 v0000000001130140_0;
    %load/vec4 v000000000112f060_0;
    %cmp/e;
    %flag_get/vec4 4;
    %and;
    %flag_set/vec4 8;
    %jmp/0xz  T_20.2, 8;
    %pushi/vec4 1, 0, 2;
    %store/vec4 v0000000001130640_0, 0, 2;
    %jmp T_20.3;
T_20.2 ;
    %pushi/vec4 0, 0, 2;
    %store/vec4 v0000000001130640_0, 0, 2;
T_20.3 ;
    %load/vec4 v000000000112f1a0_0;
    %load/vec4 v0000000001130dc0_0;
    %load/vec4 v0000000001130b40_0;
    %cmp/e;
    %flag_get/vec4 4;
    %and;
    %load/vec4 v0000000001130140_0;
    %load/vec4 v0000000001130b40_0;
    %cmp/ne;
    %flag_get/vec4 4;
    %and;
    %flag_set/vec4 8;
    %jmp/0xz  T_20.4, 8;
    %pushi/vec4 2, 0, 2;
    %store/vec4 v0000000001130f00_0, 0, 2;
T_20.4 ;
    %load/vec4 v000000000112f1a0_0;
    %load/vec4 v0000000001130dc0_0;
    %load/vec4 v000000000112f060_0;
    %cmp/e;
    %flag_get/vec4 4;
    %and;
    %load/vec4 v0000000001130140_0;
    %load/vec4 v000000000112f060_0;
    %cmp/ne;
    %flag_get/vec4 4;
    %and;
    %flag_set/vec4 8;
    %jmp/0xz  T_20.6, 8;
    %pushi/vec4 2, 0, 2;
    %store/vec4 v0000000001130640_0, 0, 2;
T_20.6 ;
    %jmp T_20;
    .thread T_20, $push;
# The file index is used to find the file name in the following table.
:file_names 17;
    "N/A";
    "<interactive>";
    "PipelineProcessor.v";
    "./InstructionMemory.v";
    "./instructionDecoder.v";
    "./MUX4x1.v";
    "./RegisterFile.v";
    "./ALU.v";
    "./Controller.v";
    "./DataMemory.v";
    "./REG1.v";
    "./Flag_Unit.v";
    "./forwarding_unit.v";
    "./jump_unit.v";
    "./load_stall.v";
    "./Adder.v";
    "./MUX.v";
