#! /usr/local/iverilog/bin/vvp
:ivl_version "11.0 (devel)";
:ivl_delay_selection "TYPICAL";
:vpi_time_precision + 0;
:vpi_module "C:\iverilog\lib\ivl\system.vpi";
:vpi_module "C:\iverilog\lib\ivl\vhdl_sys.vpi";
:vpi_module "C:\iverilog\lib\ivl\vhdl_textio.vpi";
:vpi_module "C:\iverilog\lib\ivl\v2005_math.vpi";
:vpi_module "C:\iverilog\lib\ivl\va_math.vpi";
S_0000000001046a90 .scope module, "REG1" "REG1" 2 1;
 .timescale 0 0;
    .port_info 0 /INPUT 1 "clk";
    .port_info 1 /INPUT 1 "nen_write";
    .port_info 2 /INPUT 1 "reset";
    .port_info 3 /INPUT 8 "serial_input";
    .port_info 4 /OUTPUT 8 "serial_output";
P_000000000104c3f0 .param/l "reg_size" 0 2 1, +C4<00000000000000000000000000001000>;
o0000000000f66fd8 .functor BUFZ 1, C4<z>; HiZ drive
v0000000001046c20_0 .net "clk", 0 0, o0000000000f66fd8;  0 drivers
o0000000000f67008 .functor BUFZ 1, C4<z>; HiZ drive
v0000000001046cc0_0 .net "nen_write", 0 0, o0000000000f67008;  0 drivers
o0000000000f67038 .functor BUFZ 1, C4<z>; HiZ drive
v0000000001046d60_0 .net "reset", 0 0, o0000000000f67038;  0 drivers
o0000000000f67068 .functor BUFZ 8, C4<zzzzzzzz>; HiZ drive
v000000000104ee00_0 .net "serial_input", 7 0, o0000000000f67068;  0 drivers
v000000000104eea0_0 .var "serial_output", 7 0;
E_000000000104c830 .event posedge, v0000000001046c20_0;
    .scope S_0000000001046a90;
T_0 ;
    %pushi/vec4 0, 0, 8;
    %store/vec4 v000000000104eea0_0, 0, 8;
    %end;
    .thread T_0;
    .scope S_0000000001046a90;
T_1 ;
    %wait E_000000000104c830;
    %load/vec4 v0000000001046d60_0;
    %flag_set/vec4 8;
    %jmp/0xz  T_1.0, 8;
    %pushi/vec4 0, 0, 8;
    %assign/vec4 v000000000104eea0_0, 0;
    %jmp T_1.1;
T_1.0 ;
    %load/vec4 v0000000001046d60_0;
    %inv;
    %load/vec4 v0000000001046cc0_0;
    %inv;
    %and;
    %flag_set/vec4 8;
    %jmp/0xz  T_1.2, 8;
    %load/vec4 v000000000104ee00_0;
    %assign/vec4 v000000000104eea0_0, 0;
T_1.2 ;
T_1.1 ;
    %jmp T_1;
    .thread T_1;
# The file index is used to find the file name in the following table.
:file_names 3;
    "N/A";
    "<interactive>";
    "REG1.v";
