#! /usr/local/iverilog/bin/vvp
:ivl_version "11.0 (devel)";
:ivl_delay_selection "TYPICAL";
:vpi_time_precision + 0;
:vpi_module "C:\iverilog\lib\ivl\system.vpi";
:vpi_module "C:\iverilog\lib\ivl\vhdl_sys.vpi";
:vpi_module "C:\iverilog\lib\ivl\vhdl_textio.vpi";
:vpi_module "C:\iverilog\lib\ivl\v2005_math.vpi";
:vpi_module "C:\iverilog\lib\ivl\va_math.vpi";
S_0000000001226a90 .scope module, "RegisterFile" "RegisterFile" 2 1;
 .timescale 0 0;
    .port_info 0 /INPUT 1 "clk";
    .port_info 1 /INPUT 3 "ReadRegister1";
    .port_info 2 /INPUT 3 "ReadRegister2";
    .port_info 3 /INPUT 3 "WriteRegister";
    .port_info 4 /INPUT 8 "WriteData";
    .port_info 5 /INPUT 1 "RegWrite";
    .port_info 6 /OUTPUT 8 "ReadData1";
    .port_info 7 /OUTPUT 8 "ReadData2";
    .port_info 8 /OUTPUT 8 "data_lookup0";
    .port_info 9 /OUTPUT 8 "data_lookup1";
    .port_info 10 /OUTPUT 8 "data_lookup2";
    .port_info 11 /OUTPUT 8 "data_lookup3";
    .port_info 12 /OUTPUT 8 "data_lookup4";
    .port_info 13 /OUTPUT 8 "data_lookup5";
    .port_info 14 /OUTPUT 8 "data_lookup6";
    .port_info 15 /OUTPUT 8 "data_lookup7";
L_0000000001226dd0 .functor BUFZ 8, L_00000000008e8120, C4<00000000>, C4<00000000>, C4<00000000>;
L_0000000000895890 .functor BUFZ 8, L_00000000008e8800, C4<00000000>, C4<00000000>, C4<00000000>;
v0000000001226d30_0 .net "ReadData1", 7 0, L_0000000001226dd0;  1 drivers
v0000000000893a10_0 .net "ReadData2", 7 0, L_0000000000895890;  1 drivers
o000000000089cff8 .functor BUFZ 3, C4<zzz>; HiZ drive
v0000000000893ab0_0 .net "ReadRegister1", 2 0, o000000000089cff8;  0 drivers
o000000000089d028 .functor BUFZ 3, C4<zzz>; HiZ drive
v0000000000893b50_0 .net "ReadRegister2", 2 0, o000000000089d028;  0 drivers
o000000000089d058 .functor BUFZ 1, C4<z>; HiZ drive
v0000000000893bf0_0 .net "RegWrite", 0 0, o000000000089d058;  0 drivers
o000000000089d088 .functor BUFZ 8, C4<zzzzzzzz>; HiZ drive
v0000000000893c90_0 .net "WriteData", 7 0, o000000000089d088;  0 drivers
o000000000089d0b8 .functor BUFZ 3, C4<zzz>; HiZ drive
v0000000000893d30_0 .net "WriteRegister", 2 0, o000000000089d0b8;  0 drivers
v0000000000893dd0_0 .net *"_ivl_0", 7 0, L_00000000008e8120;  1 drivers
v0000000000893e70_0 .net *"_ivl_10", 4 0, L_00000000008e88a0;  1 drivers
L_00000000008e9090 .functor BUFT 1, C4<00>, C4<0>, C4<0>, C4<0>;
v0000000000893f10_0 .net *"_ivl_13", 1 0, L_00000000008e9090;  1 drivers
v00000000008e8620_0 .net *"_ivl_2", 4 0, L_00000000008e8760;  1 drivers
L_00000000008e9048 .functor BUFT 1, C4<00>, C4<0>, C4<0>, C4<0>;
v00000000008e84e0_0 .net *"_ivl_5", 1 0, L_00000000008e9048;  1 drivers
v00000000008e8c60_0 .net *"_ivl_8", 7 0, L_00000000008e8800;  1 drivers
o000000000089d208 .functor BUFZ 1, C4<z>; HiZ drive
v00000000008e81c0_0 .net "clk", 0 0, o000000000089d208;  0 drivers
v00000000008e83a0 .array "data", 7 0, 7 0;
v00000000008e8440_0 .var "data_lookup0", 7 0;
v00000000008e8940_0 .var "data_lookup1", 7 0;
v00000000008e8b20_0 .var "data_lookup2", 7 0;
v00000000008e8580_0 .var "data_lookup3", 7 0;
v00000000008e8da0_0 .var "data_lookup4", 7 0;
v00000000008e8ee0_0 .var "data_lookup5", 7 0;
v00000000008e8080_0 .var "data_lookup6", 7 0;
v00000000008e8260_0 .var "data_lookup7", 7 0;
v00000000008e86c0_0 .var/i "i", 31 0;
E_00000000008864c0 .event negedge, v00000000008e81c0_0;
L_00000000008e8120 .array/port v00000000008e83a0, L_00000000008e8760;
L_00000000008e8760 .concat [ 3 2 0 0], o000000000089cff8, L_00000000008e9048;
L_00000000008e8800 .array/port v00000000008e83a0, L_00000000008e88a0;
L_00000000008e88a0 .concat [ 3 2 0 0], o000000000089d028, L_00000000008e9090;
    .scope S_0000000001226a90;
T_0 ;
    %pushi/vec4 0, 0, 32;
    %store/vec4 v00000000008e86c0_0, 0, 32;
T_0.0 ;
    %load/vec4 v00000000008e86c0_0;
    %cmpi/s 8, 0, 32;
    %jmp/0xz T_0.1, 5;
    %pushi/vec4 0, 0, 8;
    %ix/getv/s 4, v00000000008e86c0_0;
    %store/vec4a v00000000008e83a0, 4, 0;
    %load/vec4 v00000000008e86c0_0;
    %addi 1, 0, 32;
    %store/vec4 v00000000008e86c0_0, 0, 32;
    %jmp T_0.0;
T_0.1 ;
    %pushi/vec4 45, 0, 8;
    %ix/load 4, 4, 0;
    %flag_set/imm 4, 0;
    %store/vec4a v00000000008e83a0, 4, 0;
    %end;
    .thread T_0;
    .scope S_0000000001226a90;
T_1 ;
    %wait E_00000000008864c0;
    %load/vec4 v0000000000893bf0_0;
    %flag_set/vec4 8;
    %jmp/0 T_1.0, 8;
    %load/vec4 v0000000000893c90_0;
    %jmp/1 T_1.1, 8;
T_1.0 ; End of true expr.
    %load/vec4 v0000000000893d30_0;
    %pad/u 5;
    %ix/vec4 4;
    %load/vec4a v00000000008e83a0, 4;
    %jmp/0 T_1.1, 8;
 ; End of false expr.
    %blend;
T_1.1;
    %load/vec4 v0000000000893d30_0;
    %pad/u 5;
    %ix/vec4 4;
    %store/vec4a v00000000008e83a0, 4, 0;
    %ix/load 4, 0, 0;
    %flag_set/imm 4, 0;
    %load/vec4a v00000000008e83a0, 4;
    %store/vec4 v00000000008e8440_0, 0, 8;
    %ix/load 4, 1, 0;
    %flag_set/imm 4, 0;
    %load/vec4a v00000000008e83a0, 4;
    %store/vec4 v00000000008e8940_0, 0, 8;
    %ix/load 4, 2, 0;
    %flag_set/imm 4, 0;
    %load/vec4a v00000000008e83a0, 4;
    %store/vec4 v00000000008e8b20_0, 0, 8;
    %ix/load 4, 3, 0;
    %flag_set/imm 4, 0;
    %load/vec4a v00000000008e83a0, 4;
    %store/vec4 v00000000008e8580_0, 0, 8;
    %ix/load 4, 4, 0;
    %flag_set/imm 4, 0;
    %load/vec4a v00000000008e83a0, 4;
    %store/vec4 v00000000008e8da0_0, 0, 8;
    %ix/load 4, 5, 0;
    %flag_set/imm 4, 0;
    %load/vec4a v00000000008e83a0, 4;
    %store/vec4 v00000000008e8ee0_0, 0, 8;
    %ix/load 4, 6, 0;
    %flag_set/imm 4, 0;
    %load/vec4a v00000000008e83a0, 4;
    %store/vec4 v00000000008e8080_0, 0, 8;
    %ix/load 4, 7, 0;
    %flag_set/imm 4, 0;
    %load/vec4a v00000000008e83a0, 4;
    %store/vec4 v00000000008e8260_0, 0, 8;
    %jmp T_1;
    .thread T_1;
# The file index is used to find the file name in the following table.
:file_names 3;
    "N/A";
    "<interactive>";
    "RegisterFile.v";
